#
# There is insufficient memory for the Java Runtime Environment to continue.
# Native memory allocation (malloc) failed to allocate 1064016 bytes for Chunk::new
# Possible reasons:
#   The system is out of physical RAM or swap space
#   The process is running with CompressedOops enabled, and the Java Heap may be blocking the growth of the native heap
# Possible solutions:
#   Reduce memory load on the system
#   Increase physical memory or swap space
#   Check if swap backing store is full
#   Decrease Java heap size (-Xmx/-Xms)
#   Decrease number of Java threads
#   Decrease Java thread stack sizes (-Xss)
#   Set larger code cache with -XX:ReservedCodeCacheSize=
#   JVM is running with Unscaled Compressed Oops mode in which the Java heap is
#     placed in the first 4GB address space. The Java Heap base address is the
#     maximum limit for the native heap growth. Please use -XX:HeapBaseMinAddress
#     to set the Java Heap base and to place the Java Heap above 4GB virtual address.
# This output file may be truncated or incomplete.
#
#  Out of Memory Error (./src/hotspot/share/memory/arena.cpp:197), pid=22660, tid=22624
#
# JRE version: OpenJDK Runtime Environment (11.0.12+7) (build 11.0.12+7-b1504.28-7817840)
# Java VM: OpenJDK 64-Bit Server VM (11.0.12+7-b1504.28-7817840, mixed mode, tiered, compressed oops, g1 gc, windows-amd64)
# No core dump will be written. Minidumps are not enabled by default on client versions of Windows
#

---------------  S U M M A R Y ------------

Command Line: --add-opens=java.base/java.util=ALL-UNNAMED --add-opens=java.base/java.lang=ALL-UNNAMED --add-opens=java.base/java.lang.invoke=ALL-UNNAMED --add-opens=java.base/java.util=ALL-UNNAMED --add-opens=java.prefs/java.util.prefs=ALL-UNNAMED --add-opens=java.prefs/java.util.prefs=ALL-UNNAMED --add-opens=java.base/java.nio.charset=ALL-UNNAMED --add-opens=java.base/java.net=ALL-UNNAMED --add-opens=java.base/java.util.concurrent.atomic=ALL-UNNAMED -Xmx2048m -Dfile.encoding=UTF-8 -Duser.country=IN -Duser.language=en -Duser.variant org.gradle.launcher.daemon.bootstrap.GradleDaemon 7.3.3

Host: AMD Ryzen 5 3550H with Radeon Vega Mobile Gfx  , 8 cores, 13G,  Windows 10 , 64 bit Build 22000 (10.0.22000.708)
Time: Wed Jun  1 20:12:01 2022 India Standard Time elapsed time: 9.501834 seconds (0d 0h 0m 9s)

---------------  T H R E A D  ---------------

Current thread (0x000001a6e5225000):  JavaThread "C2 CompilerThread0" daemon [_thread_in_native, id=22624, stack(0x0000005e49f00000,0x0000005e4a000000)]


Current CompileTask:
C2:   9501 6039       4       org.objectweb.asm.Frame::execute (2318 bytes)

Stack: [0x0000005e49f00000,0x0000005e4a000000]
Native frames: (J=compiled Java code, j=interpreted, Vv=VM code, C=native code)
V  [jvm.dll+0x5fbcea]
V  [jvm.dll+0x731905]
V  [jvm.dll+0x732f1d]
V  [jvm.dll+0x7335d3]
V  [jvm.dll+0x247bf8]
V  [jvm.dll+0xc018c]
V  [jvm.dll+0xc06cc]
V  [jvm.dll+0x35b31d]
V  [jvm.dll+0x19d0bc]
V  [jvm.dll+0x20070e]
V  [jvm.dll+0x1ff794]
V  [jvm.dll+0x18868c]
V  [jvm.dll+0x20e0d7]
V  [jvm.dll+0x20c901]
V  [jvm.dll+0x6f9b7f]
V  [jvm.dll+0x6f26a5]
V  [jvm.dll+0x5fabf6]
C  [ucrtbase.dll+0x26c0c]
C  [KERNEL32.DLL+0x154e0]
C  [ntdll.dll+0x485b]


---------------  P R O C E S S  ---------------

Threads class SMR info:
_java_thread_list=0x000001a6ec944c20, length=123, elements={
0x000001a6c8524000, 0x000001a6e497f000, 0x000001a6e4983800, 0x000001a6e5217800,
0x000001a6e5218800, 0x000001a6e5219800, 0x000001a6e5225000, 0x000001a6e5229800,
0x000001a6e522c800, 0x000001a6e539f000, 0x000001a6e6a84000, 0x000001a6e5483000,
0x000001a6e6a33000, 0x000001a6e652f000, 0x000001a6e67ad000, 0x000001a6e7523800,
0x000001a6e7728000, 0x000001a6e749c000, 0x000001a6e6825800, 0x000001a6e7773000,
0x000001a6e7777000, 0x000001a6e7778000, 0x000001a6e7775800, 0x000001a6e7778800,
0x000001a6e7846800, 0x000001a6e7779800, 0x000001a6e7776000, 0x000001a6e7774000,
0x000001a6e7774800, 0x000001a6e73a3000, 0x000001a6e73a8000, 0x000001a6e73a6800,
0x000001a6e73a4800, 0x000001a6e73a9000, 0x000001a6e73a9800, 0x000001a6e73a4000,
0x000001a6e73a7000, 0x000001a6e73aa800, 0x000001a6e73ab000, 0x000001a6e73ad000,
0x000001a6e73b1000, 0x000001a6e73ad800, 0x000001a6e73ae800, 0x000001a6e63be000,
0x000001a6e63bb000, 0x000001a6e63bf000, 0x000001a6e63bf800, 0x000001a6e63ba000,
0x000001a6e63bc800, 0x000001a6e63c0800, 0x000001a6e63bd000, 0x000001a6e63bb800,
0x000001a6e63c4800, 0x000001a6e63c7000, 0x000001a6e63c5800, 0x000001a6e63c6000,
0x000001a6e63c1800, 0x000001a6e63c4000, 0x000001a6e63c8000, 0x000001a6e63c2000,
0x000001a6e63c8800, 0x000001a6e63c3000, 0x000001a6e87e4800, 0x000001a6e87e5000,
0x000001a6e87e7800, 0x000001a6e87e9800, 0x000001a6e87e6000, 0x000001a6e87e3800,
0x000001a6e87e7000, 0x000001a6e87ea000, 0x000001a6e87e8800, 0x000001a6e87ed800,
0x000001a6e87ef000, 0x000001a6e87ee000, 0x000001a6e87eb000, 0x000001a6e87f0000,
0x000001a6e87f0800, 0x000001a6e87f1800, 0x000001a6e87ec000, 0x000001a6e87f2800,
0x000001a6e87ec800, 0x000001a6e872d800, 0x000001a6e872b000, 0x000001a6e872e800,
0x000001a6e8728800, 0x000001a6e872c800, 0x000001a6e872f000, 0x000001a6e8729800,
0x000001a6e872a000, 0x000001a6e8730800, 0x000001a6e8731800, 0x000001a6e872c000,
0x000001a6e8735000, 0x000001a6e8730000, 0x000001a6e8732800, 0x000001a6e8736800,
0x000001a6e8733000, 0x000001a6e8734000, 0x000001a6e8735800, 0x000001a6e8737800,
0x000001a6e903b800, 0x000001a6e903d000, 0x000001a6e9041000, 0x000001a6e903c000,
0x000001a6e9042000, 0x000001a6e9042800, 0x000001a6e9043800, 0x000001a6e9040000,
0x000001a6e903d800, 0x000001a6e903f800, 0x000001a6e9044800, 0x000001a6e903e800,
0x000001a6e9046800, 0x000001a6e9047800, 0x000001a6e9045000, 0x000001a6e9046000,
0x000001a6e9048800, 0x000001a6e9049000, 0x000001a6e904a000, 0x000001a6e9115800,
0x000001a6e9111800, 0x000001a6e9112000, 0x000001a6e9114800
}

Java Threads: ( => current thread )
  0x000001a6c8524000 JavaThread "main" [_thread_blocked, id=21180, stack(0x0000005e49300000,0x0000005e49400000)]
  0x000001a6e497f000 JavaThread "Reference Handler" daemon [_thread_blocked, id=1544, stack(0x0000005e49a00000,0x0000005e49b00000)]
  0x000001a6e4983800 JavaThread "Finalizer" daemon [_thread_blocked, id=23416, stack(0x0000005e49b00000,0x0000005e49c00000)]
  0x000001a6e5217800 JavaThread "Signal Dispatcher" daemon [_thread_blocked, id=4716, stack(0x0000005e49c00000,0x0000005e49d00000)]
  0x000001a6e5218800 JavaThread "Attach Listener" daemon [_thread_blocked, id=1588, stack(0x0000005e49d00000,0x0000005e49e00000)]
  0x000001a6e5219800 JavaThread "Service Thread" daemon [_thread_blocked, id=21444, stack(0x0000005e49e00000,0x0000005e49f00000)]
=>0x000001a6e5225000 JavaThread "C2 CompilerThread0" daemon [_thread_in_native, id=22624, stack(0x0000005e49f00000,0x0000005e4a000000)]
  0x000001a6e5229800 JavaThread "C1 CompilerThread0" daemon [_thread_blocked, id=5180, stack(0x0000005e4a000000,0x0000005e4a100000)]
  0x000001a6e522c800 JavaThread "Sweeper thread" daemon [_thread_blocked, id=5988, stack(0x0000005e4a100000,0x0000005e4a200000)]
  0x000001a6e539f000 JavaThread "Common-Cleaner" daemon [_thread_blocked, id=17812, stack(0x0000005e4a200000,0x0000005e4a300000)]
  0x000001a6e6a84000 JavaThread "Daemon health stats" [_thread_blocked, id=22268, stack(0x0000005e4a900000,0x0000005e4aa00000)]
  0x000001a6e5483000 JavaThread "Incoming local TCP Connector on port 62208" [_thread_in_native, id=5712, stack(0x0000005e4a400000,0x0000005e4a500000)]
  0x000001a6e6a33000 JavaThread "Daemon periodic checks" [_thread_blocked, id=10200, stack(0x0000005e4aa00000,0x0000005e4ab00000)]
  0x000001a6e652f000 JavaThread "Daemon" [_thread_blocked, id=1828, stack(0x0000005e4ab00000,0x0000005e4ac00000)]
  0x000001a6e67ad000 JavaThread "Handler for socket connection from /127.0.0.1:62208 to /127.0.0.1:62209" [_thread_in_native, id=19388, stack(0x0000005e4ac00000,0x0000005e4ad00000)]
  0x000001a6e7523800 JavaThread "Cancel handler" [_thread_blocked, id=21132, stack(0x0000005e4ad00000,0x0000005e4ae00000)]
  0x000001a6e7728000 JavaThread "Daemon worker" [_thread_in_vm, id=13360, stack(0x0000005e4ae00000,0x0000005e4af00000)]
  0x000001a6e749c000 JavaThread "Asynchronous log dispatcher for DefaultDaemonConnection: socket connection from /127.0.0.1:62208 to /127.0.0.1:62209" [_thread_blocked, id=22508, stack(0x0000005e4af00000,0x0000005e4b000000)]
  0x000001a6e6825800 JavaThread "Stdin handler" [_thread_blocked, id=12500, stack(0x0000005e4b000000,0x0000005e4b100000)]
  0x000001a6e7773000 JavaThread "Daemon client event forwarder" [_thread_blocked, id=20396, stack(0x0000005e4b100000,0x0000005e4b200000)]
  0x000001a6e7777000 JavaThread "Cache worker for journal cache (C:\Users\amits\.gradle\caches\journal-1)" [_thread_blocked, id=22852, stack(0x0000005e4b200000,0x0000005e4b300000)]
  0x000001a6e7778000 JavaThread "File lock request listener" [_thread_in_native, id=20272, stack(0x0000005e4b300000,0x0000005e4b400000)]
  0x000001a6e7775800 JavaThread "Cache worker for file hash cache (C:\Users\amits\.gradle\caches\7.3.3\fileHashes)" [_thread_blocked, id=14328, stack(0x0000005e4b800000,0x0000005e4b900000)]
  0x000001a6e7778800 JavaThread "Cache worker for file hash cache (C:\Users\amits\AndroidStudioProjects\ImageToTextConverter\.gradle\7.3.3\fileHashes)" [_thread_blocked, id=20336, stack(0x0000005e4b900000,0x0000005e4ba00000)]
  0x000001a6e7846800 JavaThread "C2 CompilerThread1" daemon [_thread_in_native, id=18772, stack(0x0000005e4ba00000,0x0000005e4bb00000)]
  0x000001a6e7779800 JavaThread "File watcher server" daemon [_thread_in_native, id=12292, stack(0x0000005e4bb00000,0x0000005e4bc00000)]
  0x000001a6e7776000 JavaThread "File watcher consumer" daemon [_thread_blocked, id=19512, stack(0x0000005e4bc00000,0x0000005e4bd00000)]
  0x000001a6e7774000 JavaThread "jar transforms" [_thread_blocked, id=10216, stack(0x0000005e4bd00000,0x0000005e4be00000)]
  0x000001a6e7774800 JavaThread "jar transforms Thread 2" [_thread_blocked, id=22332, stack(0x0000005e4be00000,0x0000005e4bf00000)]
  0x000001a6e73a3000 JavaThread "jar transforms Thread 3" [_thread_blocked, id=15320, stack(0x0000005e4bf00000,0x0000005e4c000000)]
  0x000001a6e73a8000 JavaThread "jar transforms Thread 4" [_thread_blocked, id=17816, stack(0x0000005e4c000000,0x0000005e4c100000)]
  0x000001a6e73a6800 JavaThread "jar transforms Thread 5" [_thread_blocked, id=7204, stack(0x0000005e4c100000,0x0000005e4c200000)]
  0x000001a6e73a4800 JavaThread "jar transforms Thread 6" [_thread_blocked, id=22064, stack(0x0000005e4c200000,0x0000005e4c300000)]
  0x000001a6e73a9000 JavaThread "jar transforms Thread 7" [_thread_blocked, id=3624, stack(0x0000005e4c300000,0x0000005e4c400000)]
  0x000001a6e73a9800 JavaThread "jar transforms Thread 8" [_thread_blocked, id=16344, stack(0x0000005e4c400000,0x0000005e4c500000)]
  0x000001a6e73a4000 JavaThread "Cache worker for checksums cache (C:\Users\amits\AndroidStudioProjects\ImageToTextConverter\.gradle\7.3.3\checksums)" [_thread_blocked, id=2596, stack(0x0000005e4c500000,0x0000005e4c600000)]
  0x000001a6e73a7000 JavaThread "Cache worker for cache directory md-supplier (C:\Users\amits\.gradle\caches\7.3.3\md-supplier)" [_thread_blocked, id=3784, stack(0x0000005e4c600000,0x0000005e4c700000)]
  0x000001a6e73aa800 JavaThread "Cache worker for cache directory md-rule (C:\Users\amits\.gradle\caches\7.3.3\md-rule)" [_thread_blocked, id=22440, stack(0x0000005e4c700000,0x0000005e4c800000)]
  0x000001a6e73ab000 JavaThread "Cache worker for execution history cache (C:\Users\amits\.gradle\caches\7.3.3\executionHistory)" [_thread_blocked, id=20472, stack(0x0000005e4c800000,0x0000005e4c900000)]
  0x000001a6e73ad000 JavaThread "Cache worker for file content cache (C:\Users\amits\.gradle\caches\7.3.3\fileContent)" [_thread_blocked, id=21572, stack(0x0000005e4c900000,0x0000005e4ca00000)]
  0x000001a6e73b1000 JavaThread "Cache worker for dependencies-accessors (C:\Users\amits\AndroidStudioProjects\ImageToTextConverter\.gradle\7.3.3\dependencies-accessors)" [_thread_blocked, id=22020, stack(0x0000005e4ca00000,0x0000005e4cb00000)]
  0x000001a6e73ad800 JavaThread "Cache worker for Build Output Cleanup Cache (C:\Users\amits\AndroidStudioProjects\ImageToTextConverter\.gradle\buildOutputCleanup)" [_thread_blocked, id=14784, stack(0x0000005e4cb00000,0x0000005e4cc00000)]
  0x000001a6e73ae800 JavaThread "Unconstrained build operations" [_thread_blocked, id=16068, stack(0x0000005e4cc00000,0x0000005e4cd00000)]
  0x000001a6e63be000 JavaThread "Unconstrained build operations Thread 2" [_thread_blocked, id=22796, stack(0x0000005e4cd00000,0x0000005e4ce00000)]
  0x000001a6e63bb000 JavaThread "Unconstrained build operations Thread 3" [_thread_blocked, id=7068, stack(0x0000005e4ce00000,0x0000005e4cf00000)]
  0x000001a6e63bf000 JavaThread "Unconstrained build operations Thread 4" [_thread_blocked, id=21660, stack(0x0000005e4cf00000,0x0000005e4d000000)]
  0x000001a6e63bf800 JavaThread "Unconstrained build operations Thread 5" [_thread_blocked, id=16480, stack(0x0000005e4d000000,0x0000005e4d100000)]
  0x000001a6e63ba000 JavaThread "Unconstrained build operations Thread 6" [_thread_blocked, id=19680, stack(0x0000005e4d100000,0x0000005e4d200000)]
  0x000001a6e63bc800 JavaThread "Unconstrained build operations Thread 7" [_thread_blocked, id=22272, stack(0x0000005e4d200000,0x0000005e4d300000)]
  0x000001a6e63c0800 JavaThread "Unconstrained build operations Thread 8" [_thread_blocked, id=3580, stack(0x0000005e4d300000,0x0000005e4d400000)]
  0x000001a6e63bd000 JavaThread "Unconstrained build operations Thread 9" [_thread_blocked, id=19804, stack(0x0000005e4d400000,0x0000005e4d500000)]
  0x000001a6e63bb800 JavaThread "Unconstrained build operations Thread 10" [_thread_blocked, id=4424, stack(0x0000005e4d500000,0x0000005e4d600000)]
  0x000001a6e63c4800 JavaThread "Unconstrained build operations Thread 11" [_thread_blocked, id=16760, stack(0x0000005e4d600000,0x0000005e4d700000)]
  0x000001a6e63c7000 JavaThread "Unconstrained build operations Thread 12" [_thread_blocked, id=14148, stack(0x0000005e4d700000,0x0000005e4d800000)]
  0x000001a6e63c5800 JavaThread "Unconstrained build operations Thread 13" [_thread_blocked, id=12772, stack(0x0000005e4d800000,0x0000005e4d900000)]
  0x000001a6e63c6000 JavaThread "Unconstrained build operations Thread 14" [_thread_blocked, id=2128, stack(0x0000005e4d900000,0x0000005e4da00000)]
  0x000001a6e63c1800 JavaThread "Unconstrained build operations Thread 15" [_thread_blocked, id=17388, stack(0x0000005e4da00000,0x0000005e4db00000)]
  0x000001a6e63c4000 JavaThread "Unconstrained build operations Thread 16" [_thread_blocked, id=14472, stack(0x0000005e4db00000,0x0000005e4dc00000)]
  0x000001a6e63c8000 JavaThread "Unconstrained build operations Thread 17" [_thread_blocked, id=20860, stack(0x0000005e4dc00000,0x0000005e4dd00000)]
  0x000001a6e63c2000 JavaThread "Unconstrained build operations Thread 18" [_thread_blocked, id=15696, stack(0x0000005e4dd00000,0x0000005e4de00000)]
  0x000001a6e63c8800 JavaThread "Unconstrained build operations Thread 19" [_thread_blocked, id=14668, stack(0x0000005e4de00000,0x0000005e4df00000)]
  0x000001a6e63c3000 JavaThread "Unconstrained build operations Thread 20" [_thread_blocked, id=22460, stack(0x0000005e4df00000,0x0000005e4e000000)]
  0x000001a6e87e4800 JavaThread "Unconstrained build operations Thread 21" [_thread_blocked, id=20620, stack(0x0000005e4e000000,0x0000005e4e100000)]
  0x000001a6e87e5000 JavaThread "Unconstrained build operations Thread 22" [_thread_blocked, id=2564, stack(0x0000005e4e100000,0x0000005e4e200000)]
  0x000001a6e87e7800 JavaThread "Unconstrained build operations Thread 23" [_thread_blocked, id=19144, stack(0x0000005e4e200000,0x0000005e4e300000)]
  0x000001a6e87e9800 JavaThread "Unconstrained build operations Thread 24" [_thread_blocked, id=17188, stack(0x0000005e4e300000,0x0000005e4e400000)]
  0x000001a6e87e6000 JavaThread "Unconstrained build operations Thread 25" [_thread_blocked, id=596, stack(0x0000005e4e400000,0x0000005e4e500000)]
  0x000001a6e87e3800 JavaThread "Unconstrained build operations Thread 26" [_thread_blocked, id=15008, stack(0x0000005e4e500000,0x0000005e4e600000)]
  0x000001a6e87e7000 JavaThread "Unconstrained build operations Thread 27" [_thread_blocked, id=3728, stack(0x0000005e4e600000,0x0000005e4e700000)]
  0x000001a6e87ea000 JavaThread "Unconstrained build operations Thread 28" [_thread_blocked, id=19812, stack(0x0000005e4e700000,0x0000005e4e800000)]
  0x000001a6e87e8800 JavaThread "Unconstrained build operations Thread 29" [_thread_blocked, id=22628, stack(0x0000005e4e800000,0x0000005e4e900000)]
  0x000001a6e87ed800 JavaThread "Unconstrained build operations Thread 30" [_thread_blocked, id=20880, stack(0x0000005e4e900000,0x0000005e4ea00000)]
  0x000001a6e87ef000 JavaThread "Unconstrained build operations Thread 31" [_thread_blocked, id=11708, stack(0x0000005e4ea00000,0x0000005e4eb00000)]
  0x000001a6e87ee000 JavaThread "Unconstrained build operations Thread 32" [_thread_blocked, id=20944, stack(0x0000005e4eb00000,0x0000005e4ec00000)]
  0x000001a6e87eb000 JavaThread "Unconstrained build operations Thread 33" [_thread_blocked, id=14436, stack(0x0000005e4ec00000,0x0000005e4ed00000)]
  0x000001a6e87f0000 JavaThread "Unconstrained build operations Thread 34" [_thread_blocked, id=22912, stack(0x0000005e4ed00000,0x0000005e4ee00000)]
  0x000001a6e87f0800 JavaThread "Unconstrained build operations Thread 35" [_thread_blocked, id=22908, stack(0x0000005e4ee00000,0x0000005e4ef00000)]
  0x000001a6e87f1800 JavaThread "Unconstrained build operations Thread 36" [_thread_blocked, id=22788, stack(0x0000005e4ef00000,0x0000005e4f000000)]
  0x000001a6e87ec000 JavaThread "Unconstrained build operations Thread 37" [_thread_blocked, id=22572, stack(0x0000005e4f000000,0x0000005e4f100000)]
  0x000001a6e87f2800 JavaThread "Unconstrained build operations Thread 38" [_thread_blocked, id=23028, stack(0x0000005e4f100000,0x0000005e4f200000)]
  0x000001a6e87ec800 JavaThread "Unconstrained build operations Thread 39" [_thread_blocked, id=23032, stack(0x0000005e4f200000,0x0000005e4f300000)]
  0x000001a6e872d800 JavaThread "Unconstrained build operations Thread 40" [_thread_blocked, id=23036, stack(0x0000005e4f300000,0x0000005e4f400000)]
  0x000001a6e872b000 JavaThread "Unconstrained build operations Thread 41" [_thread_blocked, id=22256, stack(0x0000005e4f400000,0x0000005e4f500000)]
  0x000001a6e872e800 JavaThread "Unconstrained build operations Thread 42" [_thread_blocked, id=19080, stack(0x0000005e4f500000,0x0000005e4f600000)]
  0x000001a6e8728800 JavaThread "Unconstrained build operations Thread 43" [_thread_blocked, id=15176, stack(0x0000005e4f600000,0x0000005e4f700000)]
  0x000001a6e872c800 JavaThread "Unconstrained build operations Thread 44" [_thread_blocked, id=21644, stack(0x0000005e4f700000,0x0000005e4f800000)]
  0x000001a6e872f000 JavaThread "Unconstrained build operations Thread 45" [_thread_blocked, id=19756, stack(0x0000005e4f800000,0x0000005e4f900000)]
  0x000001a6e8729800 JavaThread "Unconstrained build operations Thread 46" [_thread_blocked, id=11976, stack(0x0000005e4f900000,0x0000005e4fa00000)]
  0x000001a6e872a000 JavaThread "Unconstrained build operations Thread 47" [_thread_blocked, id=16104, stack(0x0000005e4fa00000,0x0000005e4fb00000)]
  0x000001a6e8730800 JavaThread "Unconstrained build operations Thread 48" [_thread_blocked, id=16800, stack(0x0000005e4fb00000,0x0000005e4fc00000)]
  0x000001a6e8731800 JavaThread "Unconstrained build operations Thread 49" [_thread_blocked, id=5248, stack(0x0000005e4fc00000,0x0000005e4fd00000)]
  0x000001a6e872c000 JavaThread "Unconstrained build operations Thread 50" [_thread_blocked, id=22240, stack(0x0000005e4fd00000,0x0000005e4fe00000)]
  0x000001a6e8735000 JavaThread "Unconstrained build operations Thread 51" [_thread_blocked, id=23080, stack(0x0000005e4fe00000,0x0000005e4ff00000)]
  0x000001a6e8730000 JavaThread "Unconstrained build operations Thread 52" [_thread_blocked, id=7764, stack(0x0000005e4ff00000,0x0000005e50000000)]
  0x000001a6e8732800 JavaThread "Unconstrained build operations Thread 53" [_thread_blocked, id=12440, stack(0x0000005e50000000,0x0000005e50100000)]
  0x000001a6e8736800 JavaThread "Unconstrained build operations Thread 54" [_thread_blocked, id=21652, stack(0x0000005e50100000,0x0000005e50200000)]
  0x000001a6e8733000 JavaThread "Unconstrained build operations Thread 55" [_thread_blocked, id=18804, stack(0x0000005e50200000,0x0000005e50300000)]
  0x000001a6e8734000 JavaThread "Unconstrained build operations Thread 56" [_thread_blocked, id=22028, stack(0x0000005e50300000,0x0000005e50400000)]
  0x000001a6e8735800 JavaThread "Unconstrained build operations Thread 57" [_thread_blocked, id=23452, stack(0x0000005e50400000,0x0000005e50500000)]
  0x000001a6e8737800 JavaThread "Unconstrained build operations Thread 58" [_thread_blocked, id=16336, stack(0x0000005e50500000,0x0000005e50600000)]
  0x000001a6e903b800 JavaThread "Unconstrained build operations Thread 59" [_thread_blocked, id=22808, stack(0x0000005e50600000,0x0000005e50700000)]
  0x000001a6e903d000 JavaThread "Unconstrained build operations Thread 60" [_thread_blocked, id=14376, stack(0x0000005e50700000,0x0000005e50800000)]
  0x000001a6e9041000 JavaThread "Unconstrained build operations Thread 61" [_thread_blocked, id=23476, stack(0x0000005e50800000,0x0000005e50900000)]
  0x000001a6e903c000 JavaThread "Unconstrained build operations Thread 62" [_thread_blocked, id=13144, stack(0x0000005e50900000,0x0000005e50a00000)]
  0x000001a6e9042000 JavaThread "Unconstrained build operations Thread 63" [_thread_blocked, id=22872, stack(0x0000005e50a00000,0x0000005e50b00000)]
  0x000001a6e9042800 JavaThread "Unconstrained build operations Thread 64" [_thread_blocked, id=20488, stack(0x0000005e50b00000,0x0000005e50c00000)]
  0x000001a6e9043800 JavaThread "Unconstrained build operations Thread 65" [_thread_blocked, id=23224, stack(0x0000005e50c00000,0x0000005e50d00000)]
  0x000001a6e9040000 JavaThread "Unconstrained build operations Thread 66" [_thread_blocked, id=23220, stack(0x0000005e50d00000,0x0000005e50e00000)]
  0x000001a6e903d800 JavaThread "Unconstrained build operations Thread 67" [_thread_blocked, id=23208, stack(0x0000005e50e00000,0x0000005e50f00000)]
  0x000001a6e903f800 JavaThread "Unconstrained build operations Thread 68" [_thread_blocked, id=18920, stack(0x0000005e50f00000,0x0000005e51000000)]
  0x000001a6e9044800 JavaThread "Unconstrained build operations Thread 69" [_thread_blocked, id=20260, stack(0x0000005e51000000,0x0000005e51100000)]
  0x000001a6e903e800 JavaThread "Unconstrained build operations Thread 70" [_thread_blocked, id=19744, stack(0x0000005e51100000,0x0000005e51200000)]
  0x000001a6e9046800 JavaThread "Unconstrained build operations Thread 71" [_thread_blocked, id=15764, stack(0x0000005e51200000,0x0000005e51300000)]
  0x000001a6e9047800 JavaThread "Unconstrained build operations Thread 72" [_thread_blocked, id=23008, stack(0x0000005e51300000,0x0000005e51400000)]
  0x000001a6e9045000 JavaThread "Unconstrained build operations Thread 73" [_thread_blocked, id=19088, stack(0x0000005e51400000,0x0000005e51500000)]
  0x000001a6e9046000 JavaThread "Unconstrained build operations Thread 74" [_thread_blocked, id=428, stack(0x0000005e51500000,0x0000005e51600000)]
  0x000001a6e9048800 JavaThread "Unconstrained build operations Thread 75" [_thread_blocked, id=3556, stack(0x0000005e51600000,0x0000005e51700000)]
  0x000001a6e9049000 JavaThread "Unconstrained build operations Thread 76" [_thread_blocked, id=21092, stack(0x0000005e51700000,0x0000005e51800000)]
  0x000001a6e904a000 JavaThread "Unconstrained build operations Thread 77" [_thread_blocked, id=18180, stack(0x0000005e51800000,0x0000005e51900000)]
  0x000001a6e9115800 JavaThread "Unconstrained build operations Thread 78" [_thread_blocked, id=23216, stack(0x0000005e51900000,0x0000005e51a00000)]
  0x000001a6e9111800 JavaThread "Unconstrained build operations Thread 79" [_thread_blocked, id=23192, stack(0x0000005e51a00000,0x0000005e51b00000)]
  0x000001a6e9112000 JavaThread "Unconstrained build operations Thread 80" [_thread_blocked, id=4984, stack(0x0000005e51b00000,0x0000005e51c00000)]
  0x000001a6e9114800 JavaThread "Memory manager" [_thread_blocked, id=20184, stack(0x0000005e51c00000,0x0000005e51d00000)]

Other Threads:
  0x000001a6e51b9000 VMThread "VM Thread" [stack: 0x0000005e49900000,0x0000005e49a00000] [id=22444]
  0x000001a6e53d9800 WatcherThread [stack: 0x0000005e4a300000,0x0000005e4a400000] [id=23432]
  0x000001a6c8538800 GCTaskThread "GC Thread#0" [stack: 0x0000005e49400000,0x0000005e49500000] [id=3824]
  0x000001a6e6279000 GCTaskThread "GC Thread#1" [stack: 0x0000005e4a500000,0x0000005e4a600000] [id=23444]
  0x000001a6e5aa2800 GCTaskThread "GC Thread#2" [stack: 0x0000005e4a600000,0x0000005e4a700000] [id=21764]
  0x000001a6e5aa3000 GCTaskThread "GC Thread#3" [stack: 0x0000005e4a700000,0x0000005e4a800000] [id=23448]
  0x000001a6e5f1a800 GCTaskThread "GC Thread#4" [stack: 0x0000005e4a800000,0x0000005e4a900000] [id=23436]
  0x000001a6e8676000 GCTaskThread "GC Thread#5" [stack: 0x0000005e4b400000,0x0000005e4b500000] [id=20996]
  0x000001a6e6dfb800 GCTaskThread "GC Thread#6" [stack: 0x0000005e4b500000,0x0000005e4b600000] [id=2964]
  0x000001a6e7e95800 GCTaskThread "GC Thread#7" [stack: 0x0000005e4b600000,0x0000005e4b700000] [id=12704]
  0x000001a6c856b000 ConcurrentGCThread "G1 Main Marker" [stack: 0x0000005e49500000,0x0000005e49600000] [id=22576]
  0x000001a6c856e000 ConcurrentGCThread "G1 Conc#0" [stack: 0x0000005e49600000,0x0000005e49700000] [id=21896]
  0x000001a6e67f2000 ConcurrentGCThread "G1 Conc#1" [stack: 0x0000005e4b700000,0x0000005e4b800000] [id=15012]
  0x000001a6e47f8800 ConcurrentGCThread "G1 Refine#0" [stack: 0x0000005e49700000,0x0000005e49800000] [id=16700]
  0x000001a6e47f9000 ConcurrentGCThread "G1 Young RemSet Sampling" [stack: 0x0000005e49800000,0x0000005e49900000] [id=19048]

Threads with active compile tasks:
C2 CompilerThread0   9532 6039       4       org.objectweb.asm.Frame::execute (2318 bytes)
C2 CompilerThread1   9533 6037       4       org.objectweb.asm.SymbolTable::addConstantMemberReference (147 bytes)

VM state:not at safepoint (normal execution)

VM Mutex/Monitor currently owned by a thread: None

Heap address: 0x0000000080000000, size: 2048 MB, Compressed Oops mode: 32-bit
Narrow klass base: 0x0000000000000000, Narrow klass shift: 3
Compressed class space size: 1073741824 Address: 0x0000000100000000

Heap:
 garbage-first heap   total 229376K, used 88461K [0x0000000080000000, 0x0000000100000000)
  region size 1024K, 21 young (21504K), 3 survivors (3072K)
 Metaspace       used 61005K, capacity 62803K, committed 63104K, reserved 1103872K
  class space    used 7858K, capacity 8493K, committed 8576K, reserved 1048576K
Heap Regions: E=young(eden), S=young(survivor), O=old, HS=humongous(starts), HC=humongous(continues), CS=collection set, F=free, A=archive, TAMS=top-at-mark-start (previous, next)
|   0|0x0000000080000000, 0x0000000080100000, 0x0000000080100000|100%| O|  |TAMS 0x0000000080100000, 0x0000000080000000| Untracked 
|   1|0x0000000080100000, 0x0000000080200000, 0x0000000080200000|100%| O|  |TAMS 0x0000000080200000, 0x0000000080100000| Untracked 
|   2|0x0000000080200000, 0x0000000080300000, 0x0000000080300000|100%| O|  |TAMS 0x0000000080300000, 0x0000000080200000| Untracked 
|   3|0x0000000080300000, 0x0000000080400000, 0x0000000080400000|100%|HS|  |TAMS 0x0000000080400000, 0x0000000080300000| Complete 
|   4|0x0000000080400000, 0x0000000080500000, 0x0000000080500000|100%|HC|  |TAMS 0x0000000080500000, 0x0000000080400000| Complete 
|   5|0x0000000080500000, 0x0000000080600000, 0x0000000080600000|100%|HC|  |TAMS 0x0000000080600000, 0x0000000080500000| Complete 
|   6|0x0000000080600000, 0x0000000080700000, 0x0000000080700000|100%| O|  |TAMS 0x0000000080700000, 0x0000000080600000| Untracked 
|   7|0x0000000080700000, 0x0000000080800000, 0x0000000080800000|100%| O|  |TAMS 0x0000000080800000, 0x0000000080700000| Untracked 
|   8|0x0000000080800000, 0x0000000080900000, 0x0000000080900000|100%| O|  |TAMS 0x0000000080900000, 0x0000000080800000| Untracked 
|   9|0x0000000080900000, 0x0000000080a00000, 0x0000000080a00000|100%| O|  |TAMS 0x0000000080a00000, 0x0000000080900000| Untracked 
|  10|0x0000000080a00000, 0x0000000080b00000, 0x0000000080b00000|100%| O|  |TAMS 0x0000000080b00000, 0x0000000080a00000| Untracked 
|  11|0x0000000080b00000, 0x0000000080c00000, 0x0000000080c00000|100%| O|  |TAMS 0x0000000080c00000, 0x0000000080b00000| Untracked 
|  12|0x0000000080c00000, 0x0000000080d00000, 0x0000000080d00000|100%| O|  |TAMS 0x0000000080d00000, 0x0000000080c00000| Untracked 
|  13|0x0000000080d00000, 0x0000000080e00000, 0x0000000080e00000|100%| O|  |TAMS 0x0000000080e00000, 0x0000000080d00000| Untracked 
|  14|0x0000000080e00000, 0x0000000080f00000, 0x0000000080f00000|100%| O|  |TAMS 0x0000000080f00000, 0x0000000080e00000| Untracked 
|  15|0x0000000080f00000, 0x0000000081000000, 0x0000000081000000|100%| O|  |TAMS 0x0000000081000000, 0x0000000080f00000| Untracked 
|  16|0x0000000081000000, 0x0000000081100000, 0x0000000081100000|100%| O|  |TAMS 0x0000000081100000, 0x0000000081000000| Untracked 
|  17|0x0000000081100000, 0x0000000081200000, 0x0000000081200000|100%|HS|  |TAMS 0x0000000081200000, 0x0000000081100000| Complete 
|  18|0x0000000081200000, 0x0000000081300000, 0x0000000081300000|100%|HC|  |TAMS 0x0000000081300000, 0x0000000081200000| Complete 
|  19|0x0000000081300000, 0x0000000081400000, 0x0000000081400000|100%|HS|  |TAMS 0x0000000081400000, 0x0000000081300000| Complete 
|  20|0x0000000081400000, 0x0000000081500000, 0x0000000081500000|100%|HC|  |TAMS 0x0000000081500000, 0x0000000081400000| Complete 
|  21|0x0000000081500000, 0x0000000081600000, 0x0000000081600000|100%|HC|  |TAMS 0x0000000081600000, 0x0000000081500000| Complete 
|  22|0x0000000081600000, 0x0000000081700000, 0x0000000081700000|100%|HS|  |TAMS 0x0000000081700000, 0x0000000081600000| Complete 
|  23|0x0000000081700000, 0x0000000081800000, 0x0000000081800000|100%|HS|  |TAMS 0x0000000081800000, 0x0000000081700000| Complete 
|  24|0x0000000081800000, 0x0000000081900000, 0x0000000081900000|100%|HC|  |TAMS 0x0000000081900000, 0x0000000081800000| Complete 
|  25|0x0000000081900000, 0x0000000081a00000, 0x0000000081a00000|100%|HC|  |TAMS 0x0000000081a00000, 0x0000000081900000| Complete 
|  26|0x0000000081a00000, 0x0000000081b00000, 0x0000000081b00000|100%|HC|  |TAMS 0x0000000081b00000, 0x0000000081a00000| Complete 
|  27|0x0000000081b00000, 0x0000000081c00000, 0x0000000081c00000|100%|HS|  |TAMS 0x0000000081c00000, 0x0000000081b00000| Complete 
|  28|0x0000000081c00000, 0x0000000081d00000, 0x0000000081d00000|100%|HS|  |TAMS 0x0000000081d00000, 0x0000000081c00000| Complete 
|  29|0x0000000081d00000, 0x0000000081e00000, 0x0000000081e00000|100%| O|  |TAMS 0x0000000081e00000, 0x0000000081d00000| Untracked 
|  30|0x0000000081e00000, 0x0000000081f00000, 0x0000000081f00000|100%|HS|  |TAMS 0x0000000081f00000, 0x0000000081e00000| Complete 
|  31|0x0000000081f00000, 0x0000000082000000, 0x0000000082000000|100%|HS|  |TAMS 0x0000000082000000, 0x0000000081f00000| Complete 
|  32|0x0000000082000000, 0x0000000082100000, 0x0000000082100000|100%|HC|  |TAMS 0x0000000082100000, 0x0000000082000000| Complete 
|  33|0x0000000082100000, 0x0000000082200000, 0x0000000082200000|100%|HC|  |TAMS 0x0000000082200000, 0x0000000082100000| Complete 
|  34|0x0000000082200000, 0x0000000082300000, 0x0000000082300000|100%|HS|  |TAMS 0x0000000082300000, 0x0000000082200000| Complete 
|  35|0x0000000082300000, 0x0000000082400000, 0x0000000082400000|100%|HC|  |TAMS 0x0000000082400000, 0x0000000082300000| Complete 
|  36|0x0000000082400000, 0x0000000082500000, 0x0000000082500000|100%|HC|  |TAMS 0x0000000082500000, 0x0000000082400000| Complete 
|  37|0x0000000082500000, 0x0000000082600000, 0x0000000082600000|100%|HC|  |TAMS 0x0000000082600000, 0x0000000082500000| Complete 
|  38|0x0000000082600000, 0x0000000082700000, 0x0000000082700000|100%|HS|  |TAMS 0x0000000082700000, 0x0000000082600000| Complete 
|  39|0x0000000082700000, 0x0000000082800000, 0x0000000082800000|100%|HC|  |TAMS 0x0000000082800000, 0x0000000082700000| Complete 
|  40|0x0000000082800000, 0x0000000082900000, 0x0000000082900000|100%| O|  |TAMS 0x0000000082900000, 0x0000000082800000| Untracked 
|  41|0x0000000082900000, 0x0000000082a00000, 0x0000000082a00000|100%| O|  |TAMS 0x0000000082a00000, 0x0000000082900000| Untracked 
|  42|0x0000000082a00000, 0x0000000082b00000, 0x0000000082b00000|100%| O|  |TAMS 0x0000000082b00000, 0x0000000082a00000| Untracked 
|  43|0x0000000082b00000, 0x0000000082c00000, 0x0000000082c00000|100%| O|  |TAMS 0x0000000082c00000, 0x0000000082b00000| Untracked 
|  44|0x0000000082c00000, 0x0000000082d00000, 0x0000000082d00000|100%| O|  |TAMS 0x0000000082d00000, 0x0000000082c00000| Untracked 
|  45|0x0000000082d00000, 0x0000000082e00000, 0x0000000082e00000|100%| O|  |TAMS 0x0000000082e00000, 0x0000000082d00000| Untracked 
|  46|0x0000000082e00000, 0x0000000082f00000, 0x0000000082f00000|100%| O|  |TAMS 0x0000000082f00000, 0x0000000082e00000| Untracked 
|  47|0x0000000082f00000, 0x0000000083000000, 0x0000000083000000|100%| O|  |TAMS 0x0000000083000000, 0x0000000082f00000| Untracked 
|  48|0x0000000083000000, 0x0000000083100000, 0x0000000083100000|100%| O|  |TAMS 0x0000000083100000, 0x0000000083000000| Untracked 
|  49|0x0000000083100000, 0x0000000083200000, 0x0000000083200000|100%| O|  |TAMS 0x0000000083200000, 0x0000000083100000| Untracked 
|  50|0x0000000083200000, 0x0000000083300000, 0x0000000083300000|100%| O|  |TAMS 0x0000000083300000, 0x0000000083200000| Untracked 
|  51|0x0000000083300000, 0x0000000083400000, 0x0000000083400000|100%| O|  |TAMS 0x0000000083400000, 0x0000000083300000| Untracked 
|  52|0x0000000083400000, 0x0000000083500000, 0x0000000083500000|100%| O|  |TAMS 0x0000000083500000, 0x0000000083400000| Untracked 
|  53|0x0000000083500000, 0x0000000083600000, 0x0000000083600000|100%| O|  |TAMS 0x0000000083600000, 0x0000000083500000| Untracked 
|  54|0x0000000083600000, 0x0000000083700000, 0x0000000083700000|100%| O|  |TAMS 0x0000000083700000, 0x0000000083600000| Untracked 
|  55|0x0000000083700000, 0x0000000083800000, 0x0000000083800000|100%| O|  |TAMS 0x0000000083800000, 0x0000000083700000| Untracked 
|  56|0x0000000083800000, 0x0000000083900000, 0x0000000083900000|100%| O|  |TAMS 0x0000000083900000, 0x0000000083800000| Untracked 
|  57|0x0000000083900000, 0x0000000083a00000, 0x0000000083a00000|100%| O|  |TAMS 0x0000000083a00000, 0x0000000083900000| Untracked 
|  58|0x0000000083a00000, 0x0000000083b00000, 0x0000000083b00000|100%| O|  |TAMS 0x0000000083b00000, 0x0000000083a00000| Untracked 
|  59|0x0000000083b00000, 0x0000000083c00000, 0x0000000083c00000|100%| O|  |TAMS 0x0000000083c00000, 0x0000000083b00000| Untracked 
|  60|0x0000000083c00000, 0x0000000083d00000, 0x0000000083d00000|100%| O|  |TAMS 0x0000000083d00000, 0x0000000083c00000| Untracked 
|  61|0x0000000083d00000, 0x0000000083e00000, 0x0000000083e00000|100%| O|  |TAMS 0x0000000083e00000, 0x0000000083d00000| Untracked 
|  62|0x0000000083e00000, 0x0000000083f00000, 0x0000000083f00000|100%| O|  |TAMS 0x0000000083f00000, 0x0000000083e00000| Untracked 
|  63|0x0000000083f00000, 0x0000000084000000, 0x0000000084000000|100%| O|  |TAMS 0x0000000084000000, 0x0000000083f00000| Untracked 
|  64|0x0000000084000000, 0x0000000084100000, 0x0000000084100000|100%| O|  |TAMS 0x0000000084100000, 0x0000000084000000| Untracked 
|  65|0x0000000084100000, 0x0000000084200000, 0x0000000084200000|100%| O|  |TAMS 0x0000000084200000, 0x0000000084100000| Untracked 
|  66|0x0000000084200000, 0x00000000842ef200, 0x0000000084300000| 93%| O|  |TAMS 0x00000000842ef200, 0x0000000084200000| Untracked 
|  67|0x0000000084300000, 0x0000000084300000, 0x0000000084400000|  0%| F|  |TAMS 0x0000000084300000, 0x0000000084300000| Untracked 
|  68|0x0000000084400000, 0x0000000084400000, 0x0000000084500000|  0%| F|  |TAMS 0x0000000084400000, 0x0000000084400000| Untracked 
|  69|0x0000000084500000, 0x0000000084500000, 0x0000000084600000|  0%| F|  |TAMS 0x0000000084500000, 0x0000000084500000| Untracked 
|  70|0x0000000084600000, 0x0000000084600000, 0x0000000084700000|  0%| F|  |TAMS 0x0000000084600000, 0x0000000084600000| Untracked 
|  71|0x0000000084700000, 0x0000000084700000, 0x0000000084800000|  0%| F|  |TAMS 0x0000000084700000, 0x0000000084700000| Untracked 
|  72|0x0000000084800000, 0x0000000084800000, 0x0000000084900000|  0%| F|  |TAMS 0x0000000084800000, 0x0000000084800000| Untracked 
|  73|0x0000000084900000, 0x0000000084900000, 0x0000000084a00000|  0%| F|  |TAMS 0x0000000084900000, 0x0000000084900000| Untracked 
|  74|0x0000000084a00000, 0x0000000084a00000, 0x0000000084b00000|  0%| F|  |TAMS 0x0000000084a00000, 0x0000000084a00000| Untracked 
|  75|0x0000000084b00000, 0x0000000084b00000, 0x0000000084c00000|  0%| F|  |TAMS 0x0000000084b00000, 0x0000000084b00000| Untracked 
|  76|0x0000000084c00000, 0x0000000084c00000, 0x0000000084d00000|  0%| F|  |TAMS 0x0000000084c00000, 0x0000000084c00000| Untracked 
|  77|0x0000000084d00000, 0x0000000084d00000, 0x0000000084e00000|  0%| F|  |TAMS 0x0000000084d00000, 0x0000000084d00000| Untracked 
|  78|0x0000000084e00000, 0x0000000084e00000, 0x0000000084f00000|  0%| F|  |TAMS 0x0000000084e00000, 0x0000000084e00000| Untracked 
|  79|0x0000000084f00000, 0x0000000084f00000, 0x0000000085000000|  0%| F|  |TAMS 0x0000000084f00000, 0x0000000084f00000| Untracked 
|  80|0x0000000085000000, 0x0000000085000000, 0x0000000085100000|  0%| F|  |TAMS 0x0000000085000000, 0x0000000085000000| Untracked 
|  81|0x0000000085100000, 0x0000000085100000, 0x0000000085200000|  0%| F|  |TAMS 0x0000000085100000, 0x0000000085100000| Untracked 
|  82|0x0000000085200000, 0x0000000085200000, 0x0000000085300000|  0%| F|  |TAMS 0x0000000085200000, 0x0000000085200000| Untracked 
|  83|0x0000000085300000, 0x0000000085300000, 0x0000000085400000|  0%| F|  |TAMS 0x0000000085300000, 0x0000000085300000| Untracked 
|  84|0x0000000085400000, 0x0000000085400000, 0x0000000085500000|  0%| F|  |TAMS 0x0000000085400000, 0x0000000085400000| Untracked 
|  85|0x0000000085500000, 0x0000000085500000, 0x0000000085600000|  0%| F|  |TAMS 0x0000000085500000, 0x0000000085500000| Untracked 
|  86|0x0000000085600000, 0x0000000085600000, 0x0000000085700000|  0%| F|  |TAMS 0x0000000085600000, 0x0000000085600000| Untracked 
|  87|0x0000000085700000, 0x0000000085700000, 0x0000000085800000|  0%| F|  |TAMS 0x0000000085700000, 0x0000000085700000| Untracked 
|  88|0x0000000085800000, 0x0000000085800000, 0x0000000085900000|  0%| F|  |TAMS 0x0000000085800000, 0x0000000085800000| Untracked 
|  89|0x0000000085900000, 0x0000000085900000, 0x0000000085a00000|  0%| F|  |TAMS 0x0000000085900000, 0x0000000085900000| Untracked 
|  90|0x0000000085a00000, 0x0000000085a00000, 0x0000000085b00000|  0%| F|  |TAMS 0x0000000085a00000, 0x0000000085a00000| Untracked 
|  91|0x0000000085b00000, 0x0000000085b00000, 0x0000000085c00000|  0%| F|  |TAMS 0x0000000085b00000, 0x0000000085b00000| Untracked 
|  92|0x0000000085c00000, 0x0000000085c00000, 0x0000000085d00000|  0%| F|  |TAMS 0x0000000085c00000, 0x0000000085c00000| Untracked 
|  93|0x0000000085d00000, 0x0000000085d00000, 0x0000000085e00000|  0%| F|  |TAMS 0x0000000085d00000, 0x0000000085d00000| Untracked 
|  94|0x0000000085e00000, 0x0000000085e00000, 0x0000000085f00000|  0%| F|  |TAMS 0x0000000085e00000, 0x0000000085e00000| Untracked 
|  95|0x0000000085f00000, 0x0000000085f00000, 0x0000000086000000|  0%| F|  |TAMS 0x0000000085f00000, 0x0000000085f00000| Untracked 
|  96|0x0000000086000000, 0x0000000086000000, 0x0000000086100000|  0%| F|  |TAMS 0x0000000086000000, 0x0000000086000000| Untracked 
|  97|0x0000000086100000, 0x0000000086100000, 0x0000000086200000|  0%| F|  |TAMS 0x0000000086100000, 0x0000000086100000| Untracked 
|  98|0x0000000086200000, 0x0000000086200000, 0x0000000086300000|  0%| F|  |TAMS 0x0000000086200000, 0x0000000086200000| Untracked 
|  99|0x0000000086300000, 0x0000000086300000, 0x0000000086400000|  0%| F|  |TAMS 0x0000000086300000, 0x0000000086300000| Untracked 
| 100|0x0000000086400000, 0x0000000086400000, 0x0000000086500000|  0%| F|  |TAMS 0x0000000086400000, 0x0000000086400000| Untracked 
| 101|0x0000000086500000, 0x0000000086500000, 0x0000000086600000|  0%| F|  |TAMS 0x0000000086500000, 0x0000000086500000| Untracked 
| 102|0x0000000086600000, 0x0000000086600000, 0x0000000086700000|  0%| F|  |TAMS 0x0000000086600000, 0x0000000086600000| Untracked 
| 103|0x0000000086700000, 0x0000000086700000, 0x0000000086800000|  0%| F|  |TAMS 0x0000000086700000, 0x0000000086700000| Untracked 
| 104|0x0000000086800000, 0x0000000086800000, 0x0000000086900000|  0%| F|  |TAMS 0x0000000086800000, 0x0000000086800000| Untracked 
| 105|0x0000000086900000, 0x0000000086900000, 0x0000000086a00000|  0%| F|  |TAMS 0x0000000086900000, 0x0000000086900000| Untracked 
| 106|0x0000000086a00000, 0x0000000086a00000, 0x0000000086b00000|  0%| F|  |TAMS 0x0000000086a00000, 0x0000000086a00000| Untracked 
| 107|0x0000000086b00000, 0x0000000086b00000, 0x0000000086c00000|  0%| F|  |TAMS 0x0000000086b00000, 0x0000000086b00000| Untracked 
| 108|0x0000000086c00000, 0x0000000086c00000, 0x0000000086d00000|  0%| F|  |TAMS 0x0000000086c00000, 0x0000000086c00000| Untracked 
| 109|0x0000000086d00000, 0x0000000086d00000, 0x0000000086e00000|  0%| F|  |TAMS 0x0000000086d00000, 0x0000000086d00000| Untracked 
| 110|0x0000000086e00000, 0x0000000086e00000, 0x0000000086f00000|  0%| F|  |TAMS 0x0000000086e00000, 0x0000000086e00000| Untracked 
| 111|0x0000000086f00000, 0x0000000086f00000, 0x0000000087000000|  0%| F|  |TAMS 0x0000000086f00000, 0x0000000086f00000| Untracked 
| 112|0x0000000087000000, 0x0000000087000000, 0x0000000087100000|  0%| F|  |TAMS 0x0000000087000000, 0x0000000087000000| Untracked 
| 113|0x0000000087100000, 0x0000000087100000, 0x0000000087200000|  0%| F|  |TAMS 0x0000000087100000, 0x0000000087100000| Untracked 
| 114|0x0000000087200000, 0x0000000087200000, 0x0000000087300000|  0%| F|  |TAMS 0x0000000087200000, 0x0000000087200000| Untracked 
| 115|0x0000000087300000, 0x0000000087300000, 0x0000000087400000|  0%| F|  |TAMS 0x0000000087300000, 0x0000000087300000| Untracked 
| 116|0x0000000087400000, 0x0000000087400000, 0x0000000087500000|  0%| F|  |TAMS 0x0000000087400000, 0x0000000087400000| Untracked 
| 117|0x0000000087500000, 0x0000000087500000, 0x0000000087600000|  0%| F|  |TAMS 0x0000000087500000, 0x0000000087500000| Untracked 
| 118|0x0000000087600000, 0x0000000087600000, 0x0000000087700000|  0%| F|  |TAMS 0x0000000087600000, 0x0000000087600000| Untracked 
| 119|0x0000000087700000, 0x0000000087700000, 0x0000000087800000|  0%| F|  |TAMS 0x0000000087700000, 0x0000000087700000| Untracked 
| 120|0x0000000087800000, 0x0000000087800000, 0x0000000087900000|  0%| F|  |TAMS 0x0000000087800000, 0x0000000087800000| Untracked 
| 121|0x0000000087900000, 0x0000000087900000, 0x0000000087a00000|  0%| F|  |TAMS 0x0000000087900000, 0x0000000087900000| Untracked 
| 122|0x0000000087a00000, 0x0000000087a00000, 0x0000000087b00000|  0%| F|  |TAMS 0x0000000087a00000, 0x0000000087a00000| Untracked 
| 123|0x0000000087b00000, 0x0000000087b00000, 0x0000000087c00000|  0%| F|  |TAMS 0x0000000087b00000, 0x0000000087b00000| Untracked 
| 124|0x0000000087c00000, 0x0000000087c00000, 0x0000000087d00000|  0%| F|  |TAMS 0x0000000087c00000, 0x0000000087c00000| Untracked 
| 125|0x0000000087d00000, 0x0000000087d00000, 0x0000000087e00000|  0%| F|  |TAMS 0x0000000087d00000, 0x0000000087d00000| Untracked 
| 126|0x0000000087e00000, 0x0000000087e00000, 0x0000000087f00000|  0%| F|  |TAMS 0x0000000087e00000, 0x0000000087e00000| Untracked 
| 127|0x0000000087f00000, 0x0000000087f00000, 0x0000000088000000|  0%| F|  |TAMS 0x0000000087f00000, 0x0000000087f00000| Untracked 
| 128|0x0000000088000000, 0x0000000088000000, 0x0000000088100000|  0%| F|  |TAMS 0x0000000088000000, 0x0000000088000000| Untracked 
| 129|0x0000000088100000, 0x0000000088100000, 0x0000000088200000|  0%| F|  |TAMS 0x0000000088100000, 0x0000000088100000| Untracked 
| 130|0x0000000088200000, 0x0000000088200000, 0x0000000088300000|  0%| F|  |TAMS 0x0000000088200000, 0x0000000088200000| Untracked 
| 131|0x0000000088300000, 0x0000000088300000, 0x0000000088400000|  0%| F|  |TAMS 0x0000000088300000, 0x0000000088300000| Untracked 
| 132|0x0000000088400000, 0x0000000088400000, 0x0000000088500000|  0%| F|  |TAMS 0x0000000088400000, 0x0000000088400000| Untracked 
| 133|0x0000000088500000, 0x0000000088500000, 0x0000000088600000|  0%| F|  |TAMS 0x0000000088500000, 0x0000000088500000| Untracked 
| 134|0x0000000088600000, 0x0000000088600000, 0x0000000088700000|  0%| F|  |TAMS 0x0000000088600000, 0x0000000088600000| Untracked 
| 135|0x0000000088700000, 0x0000000088700000, 0x0000000088800000|  0%| F|  |TAMS 0x0000000088700000, 0x0000000088700000| Untracked 
| 136|0x0000000088800000, 0x0000000088800000, 0x0000000088900000|  0%| F|  |TAMS 0x0000000088800000, 0x0000000088800000| Untracked 
| 137|0x0000000088900000, 0x0000000088900000, 0x0000000088a00000|  0%| F|  |TAMS 0x0000000088900000, 0x0000000088900000| Untracked 
| 138|0x0000000088a00000, 0x0000000088a00000, 0x0000000088b00000|  0%| F|  |TAMS 0x0000000088a00000, 0x0000000088a00000| Untracked 
| 139|0x0000000088b00000, 0x0000000088b00000, 0x0000000088c00000|  0%| F|  |TAMS 0x0000000088b00000, 0x0000000088b00000| Untracked 
| 140|0x0000000088c00000, 0x0000000088c00000, 0x0000000088d00000|  0%| F|  |TAMS 0x0000000088c00000, 0x0000000088c00000| Untracked 
| 141|0x0000000088d00000, 0x0000000088d00000, 0x0000000088e00000|  0%| F|  |TAMS 0x0000000088d00000, 0x0000000088d00000| Untracked 
| 142|0x0000000088e00000, 0x0000000088e00000, 0x0000000088f00000|  0%| F|  |TAMS 0x0000000088e00000, 0x0000000088e00000| Untracked 
| 143|0x0000000088f00000, 0x0000000088f00000, 0x0000000089000000|  0%| F|  |TAMS 0x0000000088f00000, 0x0000000088f00000| Untracked 
| 144|0x0000000089000000, 0x0000000089000000, 0x0000000089100000|  0%| F|  |TAMS 0x0000000089000000, 0x0000000089000000| Untracked 
| 145|0x0000000089100000, 0x0000000089100000, 0x0000000089200000|  0%| F|  |TAMS 0x0000000089100000, 0x0000000089100000| Untracked 
| 146|0x0000000089200000, 0x0000000089200000, 0x0000000089300000|  0%| F|  |TAMS 0x0000000089200000, 0x0000000089200000| Untracked 
| 147|0x0000000089300000, 0x0000000089300000, 0x0000000089400000|  0%| F|  |TAMS 0x0000000089300000, 0x0000000089300000| Untracked 
| 148|0x0000000089400000, 0x0000000089400000, 0x0000000089500000|  0%| F|  |TAMS 0x0000000089400000, 0x0000000089400000| Untracked 
| 149|0x0000000089500000, 0x0000000089500000, 0x0000000089600000|  0%| F|  |TAMS 0x0000000089500000, 0x0000000089500000| Untracked 
| 150|0x0000000089600000, 0x0000000089600000, 0x0000000089700000|  0%| F|  |TAMS 0x0000000089600000, 0x0000000089600000| Untracked 
| 151|0x0000000089700000, 0x0000000089700000, 0x0000000089800000|  0%| F|  |TAMS 0x0000000089700000, 0x0000000089700000| Untracked 
| 152|0x0000000089800000, 0x0000000089800000, 0x0000000089900000|  0%| F|  |TAMS 0x0000000089800000, 0x0000000089800000| Untracked 
| 153|0x0000000089900000, 0x0000000089900000, 0x0000000089a00000|  0%| F|  |TAMS 0x0000000089900000, 0x0000000089900000| Untracked 
| 154|0x0000000089a00000, 0x0000000089a00000, 0x0000000089b00000|  0%| F|  |TAMS 0x0000000089a00000, 0x0000000089a00000| Untracked 
| 155|0x0000000089b00000, 0x0000000089b00000, 0x0000000089c00000|  0%| F|  |TAMS 0x0000000089b00000, 0x0000000089b00000| Untracked 
| 156|0x0000000089c00000, 0x0000000089c00000, 0x0000000089d00000|  0%| F|  |TAMS 0x0000000089c00000, 0x0000000089c00000| Untracked 
| 157|0x0000000089d00000, 0x0000000089d00000, 0x0000000089e00000|  0%| F|  |TAMS 0x0000000089d00000, 0x0000000089d00000| Untracked 
| 158|0x0000000089e00000, 0x0000000089e00000, 0x0000000089f00000|  0%| F|  |TAMS 0x0000000089e00000, 0x0000000089e00000| Untracked 
| 159|0x0000000089f00000, 0x0000000089f00000, 0x000000008a000000|  0%| F|  |TAMS 0x0000000089f00000, 0x0000000089f00000| Untracked 
| 160|0x000000008a000000, 0x000000008a000000, 0x000000008a100000|  0%| F|  |TAMS 0x000000008a000000, 0x000000008a000000| Untracked 
| 161|0x000000008a100000, 0x000000008a100000, 0x000000008a200000|  0%| F|  |TAMS 0x000000008a100000, 0x000000008a100000| Untracked 
| 162|0x000000008a200000, 0x000000008a200000, 0x000000008a300000|  0%| F|  |TAMS 0x000000008a200000, 0x000000008a200000| Untracked 
| 163|0x000000008a300000, 0x000000008a300000, 0x000000008a400000|  0%| F|  |TAMS 0x000000008a300000, 0x000000008a300000| Untracked 
| 164|0x000000008a400000, 0x000000008a400000, 0x000000008a500000|  0%| F|  |TAMS 0x000000008a400000, 0x000000008a400000| Untracked 
| 165|0x000000008a500000, 0x000000008a500000, 0x000000008a600000|  0%| F|  |TAMS 0x000000008a500000, 0x000000008a500000| Untracked 
| 166|0x000000008a600000, 0x000000008a600000, 0x000000008a700000|  0%| F|  |TAMS 0x000000008a600000, 0x000000008a600000| Untracked 
| 167|0x000000008a700000, 0x000000008a700000, 0x000000008a800000|  0%| F|  |TAMS 0x000000008a700000, 0x000000008a700000| Untracked 
| 168|0x000000008a800000, 0x000000008a800000, 0x000000008a900000|  0%| F|  |TAMS 0x000000008a800000, 0x000000008a800000| Untracked 
| 169|0x000000008a900000, 0x000000008a900000, 0x000000008aa00000|  0%| F|  |TAMS 0x000000008a900000, 0x000000008a900000| Untracked 
| 170|0x000000008aa00000, 0x000000008aa00000, 0x000000008ab00000|  0%| F|  |TAMS 0x000000008aa00000, 0x000000008aa00000| Untracked 
| 171|0x000000008ab00000, 0x000000008ab00000, 0x000000008ac00000|  0%| F|  |TAMS 0x000000008ab00000, 0x000000008ab00000| Untracked 
| 172|0x000000008ac00000, 0x000000008ac00000, 0x000000008ad00000|  0%| F|  |TAMS 0x000000008ac00000, 0x000000008ac00000| Untracked 
| 173|0x000000008ad00000, 0x000000008ad74470, 0x000000008ae00000| 45%| S|CS|TAMS 0x000000008ad00000, 0x000000008ad00000| Complete 
| 174|0x000000008ae00000, 0x000000008af00000, 0x000000008af00000|100%| S|CS|TAMS 0x000000008ae00000, 0x000000008ae00000| Complete 
| 175|0x000000008af00000, 0x000000008b000000, 0x000000008b000000|100%| S|CS|TAMS 0x000000008af00000, 0x000000008af00000| Complete 
| 176|0x000000008b000000, 0x000000008b000000, 0x000000008b100000|  0%| F|  |TAMS 0x000000008b000000, 0x000000008b000000| Untracked 
| 177|0x000000008b100000, 0x000000008b100000, 0x000000008b200000|  0%| F|  |TAMS 0x000000008b100000, 0x000000008b100000| Untracked 
| 178|0x000000008b200000, 0x000000008b200000, 0x000000008b300000|  0%| F|  |TAMS 0x000000008b200000, 0x000000008b200000| Untracked 
| 179|0x000000008b300000, 0x000000008b300000, 0x000000008b400000|  0%| F|  |TAMS 0x000000008b300000, 0x000000008b300000| Untracked 
| 180|0x000000008b400000, 0x000000008b400000, 0x000000008b500000|  0%| F|  |TAMS 0x000000008b400000, 0x000000008b400000| Untracked 
| 181|0x000000008b500000, 0x000000008b500000, 0x000000008b600000|  0%| F|  |TAMS 0x000000008b500000, 0x000000008b500000| Untracked 
| 182|0x000000008b600000, 0x000000008b600000, 0x000000008b700000|  0%| F|  |TAMS 0x000000008b600000, 0x000000008b600000| Untracked 
| 183|0x000000008b700000, 0x000000008b700000, 0x000000008b800000|  0%| F|  |TAMS 0x000000008b700000, 0x000000008b700000| Untracked 
| 184|0x000000008b800000, 0x000000008b800000, 0x000000008b900000|  0%| F|  |TAMS 0x000000008b800000, 0x000000008b800000| Untracked 
| 185|0x000000008b900000, 0x000000008b900000, 0x000000008ba00000|  0%| F|  |TAMS 0x000000008b900000, 0x000000008b900000| Untracked 
| 186|0x000000008ba00000, 0x000000008ba00000, 0x000000008bb00000|  0%| F|  |TAMS 0x000000008ba00000, 0x000000008ba00000| Untracked 
| 187|0x000000008bb00000, 0x000000008bb00000, 0x000000008bc00000|  0%| F|  |TAMS 0x000000008bb00000, 0x000000008bb00000| Untracked 
| 188|0x000000008bc00000, 0x000000008bc00000, 0x000000008bd00000|  0%| F|  |TAMS 0x000000008bc00000, 0x000000008bc00000| Untracked 
| 189|0x000000008bd00000, 0x000000008bd00000, 0x000000008be00000|  0%| F|  |TAMS 0x000000008bd00000, 0x000000008bd00000| Untracked 
| 190|0x000000008be00000, 0x000000008be00000, 0x000000008bf00000|  0%| F|  |TAMS 0x000000008be00000, 0x000000008be00000| Untracked 
| 191|0x000000008bf00000, 0x000000008bf00000, 0x000000008c000000|  0%| F|  |TAMS 0x000000008bf00000, 0x000000008bf00000| Untracked 
| 192|0x000000008c000000, 0x000000008c000000, 0x000000008c100000|  0%| F|  |TAMS 0x000000008c000000, 0x000000008c000000| Untracked 
| 193|0x000000008c100000, 0x000000008c100000, 0x000000008c200000|  0%| F|  |TAMS 0x000000008c100000, 0x000000008c100000| Untracked 
| 194|0x000000008c200000, 0x000000008c200000, 0x000000008c300000|  0%| F|  |TAMS 0x000000008c200000, 0x000000008c200000| Untracked 
| 195|0x000000008c300000, 0x000000008c300000, 0x000000008c400000|  0%| F|  |TAMS 0x000000008c300000, 0x000000008c300000| Untracked 
| 196|0x000000008c400000, 0x000000008c400000, 0x000000008c500000|  0%| F|  |TAMS 0x000000008c400000, 0x000000008c400000| Untracked 
| 197|0x000000008c500000, 0x000000008c500000, 0x000000008c600000|  0%| F|  |TAMS 0x000000008c500000, 0x000000008c500000| Untracked 
| 198|0x000000008c600000, 0x000000008c600000, 0x000000008c700000|  0%| F|  |TAMS 0x000000008c600000, 0x000000008c600000| Untracked 
| 199|0x000000008c700000, 0x000000008c700000, 0x000000008c800000|  0%| F|  |TAMS 0x000000008c700000, 0x000000008c700000| Untracked 
| 200|0x000000008c800000, 0x000000008c800000, 0x000000008c900000|  0%| F|  |TAMS 0x000000008c800000, 0x000000008c800000| Untracked 
| 201|0x000000008c900000, 0x000000008c900000, 0x000000008ca00000|  0%| F|  |TAMS 0x000000008c900000, 0x000000008c900000| Untracked 
| 202|0x000000008ca00000, 0x000000008ca00000, 0x000000008cb00000|  0%| F|  |TAMS 0x000000008ca00000, 0x000000008ca00000| Untracked 
| 203|0x000000008cb00000, 0x000000008cb00000, 0x000000008cc00000|  0%| F|  |TAMS 0x000000008cb00000, 0x000000008cb00000| Untracked 
| 204|0x000000008cc00000, 0x000000008cc00000, 0x000000008cd00000|  0%| F|  |TAMS 0x000000008cc00000, 0x000000008cc00000| Untracked 
| 205|0x000000008cd00000, 0x000000008cd80800, 0x000000008ce00000| 50%| E|  |TAMS 0x000000008cd00000, 0x000000008cd00000| Complete 
| 206|0x000000008ce00000, 0x000000008cf00000, 0x000000008cf00000|100%| E|CS|TAMS 0x000000008ce00000, 0x000000008ce00000| Complete 
| 207|0x000000008cf00000, 0x000000008d000000, 0x000000008d000000|100%| E|CS|TAMS 0x000000008cf00000, 0x000000008cf00000| Complete 
| 208|0x000000008d000000, 0x000000008d100000, 0x000000008d100000|100%| E|CS|TAMS 0x000000008d000000, 0x000000008d000000| Complete 
| 209|0x000000008d100000, 0x000000008d200000, 0x000000008d200000|100%| E|CS|TAMS 0x000000008d100000, 0x000000008d100000| Complete 
| 210|0x000000008d200000, 0x000000008d300000, 0x000000008d300000|100%| E|CS|TAMS 0x000000008d200000, 0x000000008d200000| Complete 
| 211|0x000000008d300000, 0x000000008d400000, 0x000000008d400000|100%| E|CS|TAMS 0x000000008d300000, 0x000000008d300000| Complete 
| 212|0x000000008d400000, 0x000000008d500000, 0x000000008d500000|100%| E|CS|TAMS 0x000000008d400000, 0x000000008d400000| Complete 
| 213|0x000000008d500000, 0x000000008d600000, 0x000000008d600000|100%| E|CS|TAMS 0x000000008d500000, 0x000000008d500000| Complete 
| 214|0x000000008d600000, 0x000000008d700000, 0x000000008d700000|100%| E|CS|TAMS 0x000000008d600000, 0x000000008d600000| Complete 
| 215|0x000000008d700000, 0x000000008d800000, 0x000000008d800000|100%| E|CS|TAMS 0x000000008d700000, 0x000000008d700000| Complete 
| 216|0x000000008d800000, 0x000000008d900000, 0x000000008d900000|100%| E|CS|TAMS 0x000000008d800000, 0x000000008d800000| Complete 
| 217|0x000000008d900000, 0x000000008da00000, 0x000000008da00000|100%| E|CS|TAMS 0x000000008d900000, 0x000000008d900000| Complete 
| 218|0x000000008da00000, 0x000000008db00000, 0x000000008db00000|100%| E|CS|TAMS 0x000000008da00000, 0x000000008da00000| Complete 
| 219|0x000000008db00000, 0x000000008dc00000, 0x000000008dc00000|100%| E|CS|TAMS 0x000000008db00000, 0x000000008db00000| Complete 
| 220|0x000000008dc00000, 0x000000008dd00000, 0x000000008dd00000|100%| E|CS|TAMS 0x000000008dc00000, 0x000000008dc00000| Complete 
| 221|0x000000008dd00000, 0x000000008de00000, 0x000000008de00000|100%| E|CS|TAMS 0x000000008dd00000, 0x000000008dd00000| Complete 
| 222|0x000000008de00000, 0x000000008df00000, 0x000000008df00000|100%| E|CS|TAMS 0x000000008de00000, 0x000000008de00000| Complete 
| 223|0x000000008df00000, 0x000000008e000000, 0x000000008e000000|100%| E|CS|TAMS 0x000000008df00000, 0x000000008df00000| Complete 

Card table byte_map: [0x000001a6dd670000,0x000001a6dda70000] _byte_map_base: 0x000001a6dd270000

Marking Bits (Prev, Next): (CMBitMap*) 0x000001a6c8562390, (CMBitMap*) 0x000001a6c8562358
 Prev Bits: [0x000001a6dfe70000, 0x000001a6e1e70000)
 Next Bits: [0x000001a6dde70000, 0x000001a6dfe70000)

Polling page: 0x000001a6cd7e0000

Metaspace:

Usage:
  Non-class:     53.04 MB capacity,    51.93 MB ( 98%) used,   975.93 KB (  2%) free+waste,   165.81 KB ( <1%) overhead. 
      Class:      8.30 MB capacity,     7.68 MB ( 93%) used,   552.72 KB (  7%) free+waste,    79.69 KB ( <1%) overhead. 
       Both:     61.34 MB capacity,    59.61 MB ( 97%) used,     1.49 MB (  2%) free+waste,   245.50 KB ( <1%) overhead. 

Virtual space:
  Non-class space:       54.00 MB reserved,      53.25 MB ( 99%) committed 
      Class space:        1.00 GB reserved,       8.38 MB ( <1%) committed 
             Both:        1.05 GB reserved,      61.63 MB (  6%) committed 

Chunk freelists:
   Non-Class:  18.00 KB
       Class:  15.00 KB
        Both:  33.00 KB

MaxMetaspaceSize: 17179869184.00 GB
CompressedClassSpaceSize: 1.00 GB
Initial GC threshold: 20.80 MB
Current GC threshold: 98.88 MB
CDS: off

CodeHeap 'non-profiled nmethods': size=120000Kb used=3311Kb max_used=3311Kb free=116688Kb
 bounds [0x000001a6d52d0000, 0x000001a6d5610000, 0x000001a6dc800000]
CodeHeap 'profiled nmethods': size=120000Kb used=13098Kb max_used=13098Kb free=106901Kb
 bounds [0x000001a6cdda0000, 0x000001a6cea70000, 0x000001a6d52d0000]
CodeHeap 'non-nmethods': size=5760Kb used=2331Kb max_used=2364Kb free=3428Kb
 bounds [0x000001a6cd800000, 0x000001a6cda70000, 0x000001a6cdda0000]
 total_blobs=7030 nmethods=6196 adapters=746
 compilation: enabled
              stopped_count=0, restarted_count=0
 full_count=0

Compilation events (20 events):
Event: 9.469 Thread 0x000001a6e5229800 6221       3       java.util.TreeMap::keyIterator (13 bytes)
Event: 9.469 Thread 0x000001a6e5229800 nmethod 6221 0x000001a6cea5c310 code [0x000001a6cea5c500, 0x000001a6cea5ca18]
Event: 9.469 Thread 0x000001a6e5229800 6222       3       java.util.TreeMap$KeyIterator::<init> (12 bytes)
Event: 9.469 Thread 0x000001a6e5229800 nmethod 6222 0x000001a6cea5cc10 code [0x000001a6cea5cde0, 0x000001a6cea5d0f8]
Event: 9.472 Thread 0x000001a6e5229800 6223       3       java.lang.invoke.ClassSpecializer$SpeciesData::transformHelper (56 bytes)
Event: 9.473 Thread 0x000001a6e5229800 nmethod 6223 0x000001a6cea5d210 code [0x000001a6cea5d440, 0x000001a6cea5dd38]
Event: 9.473 Thread 0x000001a6e5229800 6224       3       java.util.IdentityHashMap::containsKey (55 bytes)
Event: 9.473 Thread 0x000001a6e5229800 nmethod 6224 0x000001a6cea5df90 code [0x000001a6cea5e180, 0x000001a6cea5e5a8]
Event: 9.473 Thread 0x000001a6e5229800 6225  s!   3       com.sun.jmx.mbeanserver.DefaultMXBeanMappingFactory::mappingForType (110 bytes)
Event: 9.474 Thread 0x000001a6e5229800 nmethod 6225 0x000001a6cea5e790 code [0x000001a6cea5eae0, 0x000001a6cea5fe18]
Event: 9.476 Thread 0x000001a6e5229800 6226       3       javax.management.StandardMBean::getDescription (11 bytes)
Event: 9.477 Thread 0x000001a6e5229800 nmethod 6226 0x000001a6cea60590 code [0x000001a6cea60740, 0x000001a6cea60938]
Event: 9.480 Thread 0x000001a6e5229800 6227       3       com.sun.jmx.mbeanserver.MXBeanIntrospector::originalTypeString (20 bytes)
Event: 9.481 Thread 0x000001a6e5229800 nmethod 6227 0x000001a6cea60a10 code [0x000001a6cea60c00, 0x000001a6cea61018]
Event: 9.481 Thread 0x000001a6e5229800 6228       3       javax.management.ImmutableDescriptor::union (308 bytes)
Event: 9.482 Thread 0x000001a6e5229800 nmethod 6228 0x000001a6cea61110 code [0x000001a6cea61480, 0x000001a6cea62e68]
Event: 9.482 Thread 0x000001a6e5229800 6230       3       javax.management.MBeanFeatureInfo::<init> (20 bytes)
Event: 9.483 Thread 0x000001a6e5229800 nmethod 6230 0x000001a6cea63790 code [0x000001a6cea63940, 0x000001a6cea63bb8]
Event: 9.487 Thread 0x000001a6e5229800 6231       3       java.lang.ClassLoader::getParent (32 bytes)
Event: 9.488 Thread 0x000001a6e5229800 nmethod 6231 0x000001a6cea63c90 code [0x000001a6cea63ec0, 0x000001a6cea64738]

GC Heap History (14 events):
Event: 0.710 GC heap before
{Heap before GC invocations=0 (full 0):
 garbage-first heap   total 229376K, used 30720K [0x0000000080000000, 0x0000000100000000)
  region size 1024K, 24 young (24576K), 0 survivors (0K)
 Metaspace       used 10224K, capacity 10431K, committed 10624K, reserved 1058816K
  class space    used 1071K, capacity 1141K, committed 1152K, reserved 1048576K
}
Event: 0.714 GC heap after
{Heap after GC invocations=1 (full 0):
 garbage-first heap   total 229376K, used 9618K [0x0000000080000000, 0x0000000100000000)
  region size 1024K, 3 young (3072K), 3 survivors (3072K)
 Metaspace       used 10224K, capacity 10431K, committed 10624K, reserved 1058816K
  class space    used 1071K, capacity 1141K, committed 1152K, reserved 1048576K
}
Event: 2.813 GC heap before
{Heap before GC invocations=1 (full 0):
 garbage-first heap   total 229376K, used 110994K [0x0000000080000000, 0x0000000100000000)
  region size 1024K, 103 young (105472K), 3 survivors (3072K)
 Metaspace       used 20749K, capacity 21158K, committed 21248K, reserved 1067008K
  class space    used 2552K, capacity 2729K, committed 2816K, reserved 1048576K
}
Event: 2.823 GC heap after
{Heap after GC invocations=2 (full 0):
 garbage-first heap   total 229376K, used 16981K [0x0000000080000000, 0x0000000100000000)
  region size 1024K, 11 young (11264K), 11 survivors (11264K)
 Metaspace       used 20749K, capacity 21158K, committed 21248K, reserved 1067008K
  class space    used 2552K, capacity 2729K, committed 2816K, reserved 1048576K
}
Event: 3.063 GC heap before
{Heap before GC invocations=3 (full 0):
 garbage-first heap   total 229376K, used 38485K [0x0000000080000000, 0x0000000100000000)
  region size 1024K, 32 young (32768K), 11 survivors (11264K)
 Metaspace       used 23024K, capacity 23641K, committed 23936K, reserved 1071104K
  class space    used 2907K, capacity 3115K, committed 3200K, reserved 1048576K
}
Event: 3.069 GC heap after
{Heap after GC invocations=4 (full 0):
 garbage-first heap   total 229376K, used 17607K [0x0000000080000000, 0x0000000100000000)
  region size 1024K, 1 young (1024K), 1 survivors (1024K)
 Metaspace       used 23024K, capacity 23641K, committed 23936K, reserved 1071104K
  class space    used 2907K, capacity 3115K, committed 3200K, reserved 1048576K
}
Event: 4.649 GC heap before
{Heap before GC invocations=4 (full 0):
 garbage-first heap   total 229376K, used 142535K [0x0000000080000000, 0x0000000100000000)
  region size 1024K, 114 young (116736K), 1 survivors (1024K)
 Metaspace       used 34765K, capacity 35657K, committed 35840K, reserved 1079296K
  class space    used 4648K, capacity 4994K, committed 5120K, reserved 1048576K
}
Event: 4.658 GC heap after
{Heap after GC invocations=5 (full 0):
 garbage-first heap   total 229376K, used 34810K [0x0000000080000000, 0x0000000100000000)
  region size 1024K, 8 young (8192K), 8 survivors (8192K)
 Metaspace       used 34765K, capacity 35657K, committed 35840K, reserved 1079296K
  class space    used 4648K, capacity 4994K, committed 5120K, reserved 1048576K
}
Event: 6.183 GC heap before
{Heap before GC invocations=6 (full 0):
 garbage-first heap   total 229376K, used 162810K [0x0000000080000000, 0x0000000100000000)
  region size 1024K, 126 young (129024K), 8 survivors (8192K)
 Metaspace       used 45923K, capacity 47166K, committed 47360K, reserved 1089536K
  class space    used 5832K, capacity 6300K, committed 6400K, reserved 1048576K
}
Event: 6.195 GC heap after
{Heap after GC invocations=7 (full 0):
 garbage-first heap   total 229376K, used 47848K [0x0000000080000000, 0x0000000100000000)
  region size 1024K, 16 young (16384K), 16 survivors (16384K)
 Metaspace       used 45923K, capacity 47166K, committed 47360K, reserved 1089536K
  class space    used 5832K, capacity 6300K, committed 6400K, reserved 1048576K
}
Event: 8.473 GC heap before
{Heap before GC invocations=7 (full 0):
 garbage-first heap   total 229376K, used 175848K [0x0000000080000000, 0x0000000100000000)
  region size 1024K, 133 young (136192K), 16 survivors (16384K)
 Metaspace       used 51689K, capacity 53286K, committed 53376K, reserved 1095680K
  class space    used 6685K, capacity 7244K, committed 7296K, reserved 1048576K
}
Event: 8.487 GC heap after
{Heap after GC invocations=8 (full 0):
 garbage-first heap   total 229376K, used 68699K [0x0000000080000000, 0x0000000100000000)
  region size 1024K, 13 young (13312K), 13 survivors (13312K)
 Metaspace       used 51689K, capacity 53286K, committed 53376K, reserved 1095680K
  class space    used 6685K, capacity 7244K, committed 7296K, reserved 1048576K
}
Event: 9.144 GC heap before
{Heap before GC invocations=8 (full 0):
 garbage-first heap   total 229376K, used 116827K [0x0000000080000000, 0x0000000100000000)
  region size 1024K, 61 young (62464K), 13 survivors (13312K)
 Metaspace       used 58508K, capacity 60137K, committed 60160K, reserved 1101824K
  class space    used 7503K, capacity 8056K, committed 8064K, reserved 1048576K
}
Event: 9.160 GC heap after
{Heap after GC invocations=9 (full 0):
 garbage-first heap   total 229376K, used 71053K [0x0000000080000000, 0x0000000100000000)
  region size 1024K, 3 young (3072K), 3 survivors (3072K)
 Metaspace       used 58508K, capacity 60137K, committed 60160K, reserved 1101824K
  class space    used 7503K, capacity 8056K, committed 8064K, reserved 1048576K
}

Deoptimization events (20 events):
Event: 9.201 Thread 0x000001a6e7728000 Uncommon trap: trap_request=0xffffffde fr.pc=0x000001a6d55016a4 relative=0x00000000000014a4
Event: 9.202 Thread 0x000001a6e7728000 Uncommon trap: reason=class_check action=maybe_recompile pc=0x000001a6d55016a4 method=jdk.internal.loader.BuiltinClassLoader.loadClassOrNull(Ljava/lang/String;Z)Ljava/lang/Class; @ 86 c2
Event: 9.202 Thread 0x000001a6e7728000 DEOPT PACKING pc=0x000001a6d55016a4 sp=0x0000005e4aef57a0
Event: 9.202 Thread 0x000001a6e7728000 DEOPT UNPACKING pc=0x000001a6cd84a1af sp=0x0000005e4aef5768 mode 2
Event: 9.214 Thread 0x000001a6e7728000 Uncommon trap: trap_request=0xffffffdc fr.pc=0x000001a6d5600ce8 relative=0x00000000000002a8
Event: 9.214 Thread 0x000001a6e7728000 Uncommon trap: reason=class_check action=make_not_entrant pc=0x000001a6d5600ce8 method=java.util.ArrayList.toArray([Ljava/lang/Object;)[Ljava/lang/Object; @ 21 c2
Event: 9.214 Thread 0x000001a6e7728000 DEOPT PACKING pc=0x000001a6d5600ce8 sp=0x0000005e4aef7450
Event: 9.214 Thread 0x000001a6e7728000 DEOPT UNPACKING pc=0x000001a6cd84a1af sp=0x0000005e4aef7420 mode 2
Event: 9.436 Thread 0x000001a6e7728000 Uncommon trap: trap_request=0xffffff7e fr.pc=0x000001a6d54d5918 relative=0x0000000000000318
Event: 9.436 Thread 0x000001a6e7728000 Uncommon trap: reason=predicate action=maybe_recompile pc=0x000001a6d54d5918 method=java.util.Arrays.binarySearch0([Ljava/lang/Object;IILjava/lang/Object;Ljava/util/Comparator;)I @ 25 c2
Event: 9.436 Thread 0x000001a6e7728000 DEOPT PACKING pc=0x000001a6d54d5918 sp=0x0000005e4aef2ec0
Event: 9.436 Thread 0x000001a6e7728000 DEOPT UNPACKING pc=0x000001a6cd84a1af sp=0x0000005e4aef2e38 mode 2
Event: 9.486 Thread 0x000001a6e7728000 Uncommon trap: trap_request=0xffffff4d fr.pc=0x000001a6d55e60d8 relative=0x0000000000000238
Event: 9.486 Thread 0x000001a6e7728000 Uncommon trap: reason=unstable_if action=reinterpret pc=0x000001a6d55e60d8 method=java.security.SecureClassLoader$CodeSourceKey.hashCode()I @ 9 c2
Event: 9.486 Thread 0x000001a6e7728000 DEOPT PACKING pc=0x000001a6d55e60d8 sp=0x0000005e4aef2140
Event: 9.486 Thread 0x000001a6e7728000 DEOPT UNPACKING pc=0x000001a6cd84a1af sp=0x0000005e4aef20d0 mode 2
Event: 9.486 Thread 0x000001a6e7728000 Uncommon trap: trap_request=0xffffff4d fr.pc=0x000001a6d553c6a4 relative=0x0000000000001964
Event: 9.486 Thread 0x000001a6e7728000 Uncommon trap: reason=unstable_if action=reinterpret pc=0x000001a6d553c6a4 method=java.lang.ClassLoader.defineClassSourceLocation(Ljava/security/ProtectionDomain;)Ljava/lang/String; @ 15 c2
Event: 9.486 Thread 0x000001a6e7728000 DEOPT PACKING pc=0x000001a6d553c6a4 sp=0x0000005e4aef22e0
Event: 9.486 Thread 0x000001a6e7728000 DEOPT UNPACKING pc=0x000001a6cd84a1af sp=0x0000005e4aef21f0 mode 2

Classes redefined (0 events):
No events

Internal exceptions (20 events):
Event: 8.389 Thread 0x000001a6e7728000 Exception <a 'java/lang/ClassNotFoundException'{0x00000000871acb48}: org/gradle/api/internal/ConventionTaskBeanInfo> (0x00000000871acb48) thrown at [./src/hotspot/share/classfile/systemDictionary.cpp, line 231]
Event: 8.390 Thread 0x000001a6e7728000 Exception <a 'java/lang/ClassNotFoundException'{0x00000000871d6828}: org/gradle/api/DefaultTaskBeanInfo> (0x00000000871d6828) thrown at [./src/hotspot/share/classfile/systemDictionary.cpp, line 231]
Event: 8.391 Thread 0x000001a6e7728000 Exception <a 'java/lang/ClassNotFoundException'{0x0000000087004738}: org/gradle/api/internal/AbstractTaskBeanInfo> (0x0000000087004738) thrown at [./src/hotspot/share/classfile/systemDictionary.cpp, line 231]
Event: 8.392 Thread 0x000001a6e7728000 Exception <a 'java/lang/ClassNotFoundException'{0x0000000087032640}: org/gradle/api/internal/AbstractTaskCustomizer> (0x0000000087032640) thrown at [./src/hotspot/share/classfile/systemDictionary.cpp, line 231]
Event: 8.395 Thread 0x000001a6e7728000 Exception <a 'java/lang/ClassNotFoundException'{0x00000000870a7618}: org/gradle/api/DefaultTaskCustomizer> (0x00000000870a7618) thrown at [./src/hotspot/share/classfile/systemDictionary.cpp, line 231]
Event: 8.398 Thread 0x000001a6e7728000 Exception <a 'java/lang/ClassNotFoundException'{0x0000000086f2ae20}: org/gradle/api/internal/ConventionTaskCustomizer> (0x0000000086f2ae20) thrown at [./src/hotspot/share/classfile/systemDictionary.cpp, line 231]
Event: 8.399 Thread 0x000001a6e7728000 Exception <a 'java/lang/ClassNotFoundException'{0x0000000086f65538}: org/gradle/api/tasks/DeleteCustomizer> (0x0000000086f65538) thrown at [./src/hotspot/share/classfile/systemDictionary.cpp, line 231]
Event: 8.401 Thread 0x000001a6e7728000 Exception <a 'java/lang/ClassNotFoundException'{0x0000000086fa7150}: org/gradle/api/tasks/Delete_DecoratedCustomizer> (0x0000000086fa7150) thrown at [./src/hotspot/share/classfile/systemDictionary.cpp, line 231]
Event: 8.427 Thread 0x000001a6e7728000 Exception <a 'java/lang/ClassNotFoundException'{0x0000000086eccec8}: build_en8wqhc2do8k0dcs8rtgh46cbBeanInfo> (0x0000000086eccec8) thrown at [./src/hotspot/share/classfile/systemDictionary.cpp, line 231]
Event: 8.427 Thread 0x000001a6e7728000 Exception <a 'java/lang/ClassNotFoundException'{0x0000000086ed8bc8}: build_en8wqhc2do8k0dcs8rtgh46cbCustomizer> (0x0000000086ed8bc8) thrown at [./src/hotspot/share/classfile/systemDictionary.cpp, line 231]
Event: 8.570 Thread 0x000001a6e7728000 Exception <a 'java/lang/NoSuchMethodError'{0x000000008d72ea60}: 'java.lang.Object java.lang.invoke.DirectMethodHandle$Holder.invokeStatic(java.lang.Object, java.lang.Object, java.lang.Object, java.lang.Object, int)'> (0x000000008d72ea60) thrown at [./src/hotspot/share/interpreter/linkResolver.cpp, line 773]
Event: 8.570 Thread 0x000001a6e7728000 Exception <a 'java/lang/NoSuchMethodError'{0x000000008d733458}: 'java.lang.Object java.lang.invoke.DirectMethodHandle$Holder.invokeSpecial(java.lang.Object, java.lang.Object, java.lang.Object, java.lang.Object, java.lang.Object, int)'> (0x000000008d733458) thrown at [./src/hotspot/share/interpreter/linkResolver.cpp, line 773]
Event: 8.570 Thread 0x000001a6e7728000 Exception <a 'java/lang/NoSuchMethodError'{0x000000008d737a98}: 'java.lang.Object java.lang.invoke.Invokers$Holder.linkToTargetMethod(java.lang.Object, java.lang.Object, java.lang.Object, int, java.lang.Object)'> (0x000000008d737a98) thrown at [./src/hotspot/share/interpreter/linkResolver.cpp, line 773]
Event: 8.799 Thread 0x000001a6e7728000 Exception <a 'java/lang/NoSuchMethodError'{0x000000008c707ba8}: 'java.lang.Object java.lang.invoke.DirectMethodHandle$Holder.invokeSpecial(java.lang.Object, java.lang.Object, int, int, java.lang.Object, java.lang.Object, java.lang.Object)'> (0x000000008c707ba8) thrown at [./src/hotspot/share/interpreter/linkResolver.cpp, line 773]
Event: 8.799 Thread 0x000001a6e7728000 Exception <a 'java/lang/NoSuchMethodError'{0x000000008c70c3d0}: 'java.lang.Object java.lang.invoke.DelegatingMethodHandle$Holder.reinvoke_L(java.lang.Object, int, int, java.lang.Object, java.lang.Object, java.lang.Object)'> (0x000000008c70c3d0) thrown at [./src/hotspot/share/interpreter/linkResolver.cpp, line 773]
Event: 9.013 Thread 0x000001a6e7728000 Exception <a 'java/lang/NoSuchMethodError'{0x000000008bbcf1d0}: 'int java.lang.invoke.DirectMethodHandle$Holder.invokeInterface(java.lang.Object, java.lang.Object, java.lang.Object, java.lang.Object)'> (0x000000008bbcf1d0) thrown at [./src/hotspot/share/interpreter/linkResolver.cpp, line 773]
Event: 9.267 Thread 0x000001a6e7728000 Exception <a 'java/lang/NoSuchMethodError'{0x000000008da4c2c0}: 'void java.lang.invoke.DirectMethodHandle$Holder.invokeInterface(java.lang.Object, java.lang.Object, java.lang.Object, java.lang.Object)'> (0x000000008da4c2c0) thrown at [./src/hotspot/share/interpreter/linkResolver.cpp, line 773]
Event: 9.423 Thread 0x000001a6e7728000 Exception <a 'java/lang/IncompatibleClassChangeError'{0x000000008d282fd0}: Found class java.lang.Object, but interface was expected> (0x000000008d282fd0) thrown at [./src/hotspot/share/interpreter/linkResolver.cpp, line 839]
Event: 9.486 Thread 0x000001a6e7728000 Implicit null exception at 0x000001a6d55e5ed4 to 0x000001a6d55e60c8
Event: 9.486 Thread 0x000001a6e7728000 Implicit null exception at 0x000001a6d553b0c0 to 0x000001a6d553c68c

Events (20 events):
Event: 9.491 loading class org/gradle/process/internal/worker/WorkerProcessSettings
Event: 9.491 loading class org/gradle/process/internal/worker/WorkerProcessSettings done
Event: 9.491 loading class org/gradle/process/internal/worker/SingleRequestWorkerProcessBuilder
Event: 9.491 loading class org/gradle/process/internal/worker/SingleRequestWorkerProcessBuilder done
Event: 9.492 loading class org/gradle/process/internal/worker/MultiRequestWorkerProcessBuilder
Event: 9.492 loading class org/gradle/process/internal/worker/MultiRequestWorkerProcessBuilder done
Event: 9.492 loading class org/gradle/process/internal/worker/child/ApplicationClassesInSystemClassLoaderWorkerImplementationFactory
Event: 9.492 loading class org/gradle/process/internal/worker/child/ApplicationClassesInSystemClassLoaderWorkerImplementationFactory done
Event: 9.493 loading class org/gradle/process/internal/worker/child/WorkerImplementationFactory
Event: 9.493 loading class org/gradle/process/internal/worker/child/WorkerImplementationFactory done
Event: 9.494 loading class org/gradle/workers/internal/IsolatableSerializerRegistry$StringValueSnapshotSerializer
Event: 9.494 loading class org/gradle/workers/internal/IsolatableSerializerRegistry$StringValueSnapshotSerializer done
Event: 9.495 loading class org/gradle/workers/internal/IsolatableSerializerRegistry$IsolatableSerializer
Event: 9.495 loading class org/gradle/workers/internal/IsolatableSerializerRegistry$IsolatableSerializer done
Event: 9.496 loading class org/gradle/workers/internal/IsolatableSerializerRegistry$BooleanValueSnapshotSerializer
Event: 9.496 loading class org/gradle/workers/internal/IsolatableSerializerRegistry$BooleanValueSnapshotSerializer done
Event: 9.497 loading class org/gradle/workers/internal/IsolatableSerializerRegistry$ShortValueSnapshotSerializer
Event: 9.497 loading class org/gradle/workers/internal/IsolatableSerializerRegistry$ShortValueSnapshotSerializer done
Event: 9.498 loading class org/gradle/workers/internal/IsolatableSerializerRegistry$IntegerValueSnapshotSerializer
Event: 9.498 loading class org/gradle/workers/internal/IsolatableSerializerRegistry$IntegerValueSnapshotSerializer done


Dynamic libraries:
0x00007ff7119b0000 - 0x00007ff7119ba000 	C:\Program Files\Android\Android Studio\jre\bin\java.exe
0x00007ff8566e0000 - 0x00007ff8568e9000 	C:\Windows\SYSTEM32\ntdll.dll
0x00007ff854e30000 - 0x00007ff854eed000 	C:\Windows\System32\KERNEL32.DLL
0x00007ff853bc0000 - 0x00007ff853f39000 	C:\Windows\System32\KERNELBASE.dll
0x00007ff854000000 - 0x00007ff854111000 	C:\Windows\System32\ucrtbase.dll
0x00007ff840a70000 - 0x00007ff840a89000 	C:\Program Files\Android\Android Studio\jre\bin\jli.dll
0x00007ff840a50000 - 0x00007ff840a67000 	C:\Program Files\Android\Android Studio\jre\bin\VCRUNTIME140.dll
0x00007ff855370000 - 0x00007ff85551c000 	C:\Windows\System32\USER32.dll
0x00007ff852da0000 - 0x00007ff853045000 	C:\Windows\WinSxS\amd64_microsoft.windows.common-controls_6595b64144ccf1df_6.0.22000.120_none_9d947278b86cc467\COMCTL32.dll
0x00007ff8541a0000 - 0x00007ff8541c6000 	C:\Windows\System32\win32u.dll
0x00007ff854900000 - 0x00007ff854929000 	C:\Windows\System32\GDI32.dll
0x00007ff854740000 - 0x00007ff8547e3000 	C:\Windows\System32\msvcrt.dll
0x00007ff854450000 - 0x00007ff854562000 	C:\Windows\System32\gdi32full.dll
0x00007ff8541d0000 - 0x00007ff85426d000 	C:\Windows\System32\msvcp_win.dll
0x00007ff854d20000 - 0x00007ff854d51000 	C:\Windows\System32\IMM32.DLL
0x00007ff8409b0000 - 0x00007ff840a4d000 	C:\Program Files\Android\Android Studio\jre\bin\msvcp140.dll
0x00007fffe01a0000 - 0x00007fffe0c85000 	C:\Program Files\Android\Android Studio\jre\bin\server\jvm.dll
0x00007ff855650000 - 0x00007ff8556fe000 	C:\Windows\System32\ADVAPI32.dll
0x00007ff8547f0000 - 0x00007ff85488e000 	C:\Windows\System32\sechost.dll
0x00007ff855530000 - 0x00007ff855650000 	C:\Windows\System32\RPCRT4.dll
0x00007ff855520000 - 0x00007ff855528000 	C:\Windows\System32\PSAPI.DLL
0x00007ff84da60000 - 0x00007ff84da93000 	C:\Windows\SYSTEM32\WINMM.dll
0x00007ff8337c0000 - 0x00007ff8337c9000 	C:\Windows\SYSTEM32\WSOCK32.dll
0x00007ff84c430000 - 0x00007ff84c43a000 	C:\Windows\SYSTEM32\VERSION.dll
0x00007ff854890000 - 0x00007ff8548ff000 	C:\Windows\System32\WS2_32.dll
0x00007ff851ed0000 - 0x00007ff851ee8000 	C:\Windows\SYSTEM32\kernel.appcore.dll
0x00007ff8500b0000 - 0x00007ff8500c1000 	C:\Program Files\Android\Android Studio\jre\bin\verify.dll
0x00007ff853470000 - 0x00007ff853691000 	C:\Windows\SYSTEM32\DBGHELP.DLL
0x00007ff8531b0000 - 0x00007ff8531e1000 	C:\Windows\SYSTEM32\dbgcore.DLL
0x00007ff854120000 - 0x00007ff85419f000 	C:\Windows\System32\bcryptPrimitives.dll
0x00007ff840910000 - 0x00007ff840939000 	C:\Program Files\Android\Android Studio\jre\bin\java.dll
0x00007ff84f480000 - 0x00007ff84f48b000 	C:\Program Files\Android\Android Studio\jre\bin\jimage.dll
0x00007ff84f420000 - 0x00007ff84f438000 	C:\Program Files\Android\Android Studio\jre\bin\zip.dll
0x00007ff855850000 - 0x00007ff856008000 	C:\Windows\System32\SHELL32.dll
0x00007ff850e30000 - 0x00007ff851698000 	C:\Windows\SYSTEM32\windows.storage.dll
0x00007ff8549a0000 - 0x00007ff854d19000 	C:\Windows\System32\combase.dll
0x00007ff850cc0000 - 0x00007ff850e26000 	C:\Windows\SYSTEM32\wintypes.dll
0x00007ff856530000 - 0x00007ff85661a000 	C:\Windows\System32\SHCORE.dll
0x00007ff854930000 - 0x00007ff85498d000 	C:\Windows\System32\shlwapi.dll
0x00007ff853af0000 - 0x00007ff853b11000 	C:\Windows\SYSTEM32\profapi.dll
0x00007ff84ea20000 - 0x00007ff84ea3a000 	C:\Program Files\Android\Android Studio\jre\bin\net.dll
0x00007ff84d1d0000 - 0x00007ff84d2dc000 	C:\Windows\SYSTEM32\WINHTTP.dll
0x00007ff8522b0000 - 0x00007ff852317000 	C:\Windows\system32\mswsock.dll
0x00007ff840480000 - 0x00007ff840494000 	C:\Program Files\Android\Android Studio\jre\bin\nio.dll
0x00007ff838af0000 - 0x00007ff838b17000 	C:\Users\amits\.gradle\native\e1d6ef7f7dcc3fd88c89a11ec53ec762bb8ba0a96d01ffa2cd45eb1d1d8dd5c5\windows-amd64\native-platform.dll
0x00007ff838580000 - 0x00007ff8386c4000 	C:\Users\amits\.gradle\native\5664cfc778a61ccfe75a443a1ab52a65af34e5dc3c78e0209fed803814484fcb\windows-amd64\native-platform-file-events.dll
0x00007ff84e760000 - 0x00007ff84e76a000 	C:\Program Files\Android\Android Studio\jre\bin\management.dll
0x00007ff845a60000 - 0x00007ff845a6d000 	C:\Program Files\Android\Android Studio\jre\bin\management_ext.dll
0x00007ff853780000 - 0x00007ff853798000 	C:\Windows\SYSTEM32\CRYPTSP.dll
0x00007ff851e30000 - 0x00007ff851e65000 	C:\Windows\system32\rsaenh.dll
0x00007ff852cb0000 - 0x00007ff852cd9000 	C:\Windows\SYSTEM32\USERENV.dll
0x00007ff853440000 - 0x00007ff853467000 	C:\Windows\SYSTEM32\bcrypt.dll
0x00007ff852ce0000 - 0x00007ff852cec000 	C:\Windows\SYSTEM32\CRYPTBASE.dll
0x00007ff851930000 - 0x00007ff85195d000 	C:\Windows\SYSTEM32\IPHLPAPI.DLL
0x00007ff854990000 - 0x00007ff854999000 	C:\Windows\System32\NSI.dll
0x00007ff84d1b0000 - 0x00007ff84d1c9000 	C:\Windows\SYSTEM32\dhcpcsvc6.DLL
0x00007ff84db00000 - 0x00007ff84db1e000 	C:\Windows\SYSTEM32\dhcpcsvc.DLL
0x00007ff851960000 - 0x00007ff851a48000 	C:\Windows\SYSTEM32\DNSAPI.dll

dbghelp: loaded successfully - version: 4.0.5 - missing functions: none
symbol engine: initialized successfully - sym options: 0x614 - pdb path: .;C:\Program Files\Android\Android Studio\jre\bin;C:\Windows\SYSTEM32;C:\Windows\WinSxS\amd64_microsoft.windows.common-controls_6595b64144ccf1df_6.0.22000.120_none_9d947278b86cc467;C:\Program Files\Android\Android Studio\jre\bin\server;C:\Users\amits\.gradle\native\e1d6ef7f7dcc3fd88c89a11ec53ec762bb8ba0a96d01ffa2cd45eb1d1d8dd5c5\windows-amd64;C:\Users\amits\.gradle\native\5664cfc778a61ccfe75a443a1ab52a65af34e5dc3c78e0209fed803814484fcb\windows-amd64

VM Arguments:
jvm_args: --add-opens=java.base/java.util=ALL-UNNAMED --add-opens=java.base/java.lang=ALL-UNNAMED --add-opens=java.base/java.lang.invoke=ALL-UNNAMED --add-opens=java.base/java.util=ALL-UNNAMED --add-opens=java.prefs/java.util.prefs=ALL-UNNAMED --add-opens=java.prefs/java.util.prefs=ALL-UNNAMED --add-opens=java.base/java.nio.charset=ALL-UNNAMED --add-opens=java.base/java.net=ALL-UNNAMED --add-opens=java.base/java.util.concurrent.atomic=ALL-UNNAMED -Xmx2048m -Dfile.encoding=UTF-8 -Duser.country=IN -Duser.language=en -Duser.variant 
java_command: org.gradle.launcher.daemon.bootstrap.GradleDaemon 7.3.3
java_class_path (initial): C:\Users\amits\.gradle\wrapper\dists\gradle-7.3.3-bin\6a41zxkdtcxs8rphpq6y0069z\gradle-7.3.3\lib\gradle-launcher-7.3.3.jar
Launcher Type: SUN_STANDARD

[Global flags]
     intx CICompilerCount                          = 4                                         {product} {ergonomic}
     uint ConcGCThreads                            = 2                                         {product} {ergonomic}
     uint G1ConcRefinementThreads                  = 8                                         {product} {ergonomic}
   size_t G1HeapRegionSize                         = 1048576                                   {product} {ergonomic}
    uintx GCDrainStackTargetSize                   = 64                                        {product} {ergonomic}
   size_t InitialHeapSize                          = 234881024                                 {product} {ergonomic}
   size_t MarkStackSize                            = 4194304                                   {product} {ergonomic}
   size_t MaxHeapSize                              = 2147483648                                {product} {command line}
   size_t MaxNewSize                               = 1287651328                                {product} {ergonomic}
   size_t MinHeapDeltaBytes                        = 1048576                                   {product} {ergonomic}
    uintx NonNMethodCodeHeapSize                   = 5836300                                {pd product} {ergonomic}
    uintx NonProfiledCodeHeapSize                  = 122910970                              {pd product} {ergonomic}
    uintx ProfiledCodeHeapSize                     = 122910970                              {pd product} {ergonomic}
    uintx ReservedCodeCacheSize                    = 251658240                              {pd product} {ergonomic}
     bool SegmentedCodeCache                       = true                                      {product} {ergonomic}
     bool UseCompressedClassPointers               = true                                 {lp64_product} {ergonomic}
     bool UseCompressedOops                        = true                                 {lp64_product} {ergonomic}
     bool UseG1GC                                  = true                                      {product} {ergonomic}
     bool UseLargePagesIndividualAllocation        = false                                  {pd product} {ergonomic}

Logging:
Log output configuration:
 #0: stdout all=warning uptime,level,tags
 #1: stderr all=off uptime,level,tags

Environment Variables:
PATH=C:\Program Files (x86)\VMware\VMware Workstation\bin\;C:\Program Files\Common Files\Oracle\Java\javapath;C:\Windows\system32;C:\Windows;C:\Windows\System32\Wbem;C:\Windows\System32\WindowsPowerShell\v1.0\;C:\Windows\System32\OpenSSH\;C:\Program Files\Git\cmd;C:\Program Files\dotnet\;D:\Matlab\runtime\win64;D:\Matlab\bin;D:\Matlab\polyspace\bin;C:\Program Files (x86)\VMware\VMware Workstation\bin\;C:\Program Files\Common Files\Oracle\Java\javapath;C:\Windows\system32;C:\Windows;C:\Windows\System32\Wbem;C:\Windows\System32\WindowsPowerShell\v1.0\;C:\Windows\System32\OpenSSH\;C:\Program Files\Git\cmd;C:\Program Files\dotnet\;D:\Matlab\runtime\win64;D:\Matlab\bin;D:\Matlab\polyspace\bin;C:\Program Files\MySQL\MySQL Shell 8.0\bin\;C:\Users\amits\AppData\Local\Microsoft\WindowsApps;C:\Program Files\JetBrains\IntelliJ IDEA Community Edition 2021.3.1\bin;C:\Users\amits\flutter\bin;C:\Users\amits\AppData\Local\Programs\Microsoft VS Code\bin;C:\Users\amits\.dotnet\tools;C:\Program Files\JetBrains\PyCharm Community Edition 2021.3.1\bin;C:\Program Files\JetBrains\DataGrip 2021.3.3\bin;C:\Program Files\JetBrains\CLion 2021.3.2\bin
USERNAME=amits
OS=Windows_NT
PROCESSOR_IDENTIFIER=AMD64 Family 23 Model 24 Stepping 1, AuthenticAMD



---------------  S Y S T E M  ---------------

OS: Windows 10 , 64 bit Build 22000 (10.0.22000.708)
OS uptime: 0 days 3:36 hours

CPU:total 8 (initial active 8) (8 cores per cpu, 2 threads per core) family 23 model 24 stepping 1 microcode 0x0, cmov, cx8, fxsr, mmx, sse, sse2, sse3, ssse3, sse4.1, sse4.2, popcnt, avx, avx2, aes, clmul, mmxext, 3dnowpref, lzcnt, sse4a, ht, tsc, tscinvbit, tscinv, bmi1, bmi2, adx, sha, fma

Memory: 4k page, system-wide physical 14213M (369M free)
TotalPageFile size 43933M (AvailPageFile size 5M)
current process WorkingSet (physical memory assigned to process): 423M, peak: 425M
current process commit charge ("private bytes"): 478M, peak: 480M

vm_info: OpenJDK 64-Bit Server VM (11.0.12+7-b1504.28-7817840) for windows-amd64 JRE (11.0.12+7-b1504.28-7817840), built on Oct 13 2021 22:12:33 by "builder" with MS VC++ 14.0 (VS2015)

END.
